# JRE version: Java(TM) SE Runtime Environment (8.0_141-b15) (build 1.8.0_141-b15)
# Java VM: Java HotSpot(TM) Client VM (25.141-b15 mixed mode windows-x86 )
Heap:
 def new generation   total 4928K, used 3401K [0x04e00000, 0x05350000, 0x0a350000)
  eden space 4416K,  66% used [0x04e00000, 0x050d9208, 0x05250000)
  from space 512K,  94% used [0x052d0000, 0x05349378, 0x05350000)
  to   space 512K,   0% used [0x05250000, 0x05250000, 0x052d0000)
 tenured generation   total 10944K, used 5479K [0x0a350000, 0x0ae00000, 0x14e00000)
   the space 10944K,  50% used [0x0a350000, 0x0a8a9c60, 0x0a8a9e00, 0x0ae00000)
 Metaspace       used 8728K, capacity 8898K, committed 9088K, reserved 9600K
GC Heap History (10 events):
Event: 0.248 GC heap before
{Heap before GC invocations=0 (full 0):
 def new generation   total 4928K, used 4416K [0x04e00000, 0x05350000, 0x0a350000)
  eden space 4416K, 100% used [0x04e00000, 0x05250000, 0x05250000)
  from space 512K,   0% used [0x05250000, 0x05250000, 0x052d0000)
  to   space 512K,   0% used [0x052d0000, 0x052d0000, 0x05350000)
 tenured generation   total 10944K, used 0K [0x0a350000, 0x0ae00000, 0x14e00000)
   the space 10944K,   0% used [0x0a350000, 0x0a350000, 0x0a350200, 0x0ae00000)
 Metaspace       used 5298K, capacity 5477K, committed 5504K, reserved 5504K
Event: 0.251 GC heap after
Heap after GC invocations=1 (full 0):
 def new generation   total 4928K, used 512K [0x04e00000, 0x05350000, 0x0a350000)
  eden space 4416K,   0% used [0x04e00000, 0x04e00000, 0x05250000)
  from space 512K, 100% used [0x052d0000, 0x05350000, 0x05350000)
  to   space 512K,   0% used [0x05250000, 0x05250000, 0x052d0000)
 tenured generation   total 10944K, used 787K [0x0a350000, 0x0ae00000, 0x14e00000)
   the space 10944K,   7% used [0x0a350000, 0x0a414eb0, 0x0a415000, 0x0ae00000)
 Metaspace       used 5298K, capacity 5477K, committed 5504K, reserved 5504K
}
Event: 0.399 GC heap before
{Heap before GC invocations=1 (full 0):
 def new generation   total 4928K, used 3034K [0x04e00000, 0x05350000, 0x0a350000)
  eden space 4416K,  57% used [0x04e00000, 0x05076bf0, 0x05250000)
  from space 512K, 100% used [0x052d0000, 0x05350000, 0x05350000)
  to   space 512K,   0% used [0x05250000, 0x05250000, 0x052d0000)
 tenured generation   total 10944K, used 787K [0x0a350000, 0x0ae00000, 0x14e00000)
   the space 10944K,   7% used [0x0a350000, 0x0a414eb0, 0x0a415000, 0x0ae00000)
 Metaspace       used 7448K, capacity 7645K, committed 7808K, reserved 8576K
Event: 0.402 GC heap after
Heap after GC invocations=2 (full 0):
 def new generation   total 4928K, used 512K [0x04e00000, 0x05350000, 0x0a350000)
  eden space 4416K,   0% used [0x04e00000, 0x04e00000, 0x05250000)
  from space 512K, 100% used [0x05250000, 0x052d0000, 0x052d0000)
  to   space 512K,   0% used [0x052d0000, 0x052d0000, 0x05350000)
 tenured generation   total 10944K, used 1905K [0x0a350000, 0x0ae00000, 0x14e00000)
   the space 10944K,  17% used [0x0a350000, 0x0a52c658, 0x0a52c800, 0x0ae00000)
 Metaspace       used 7448K, capacity 7645K, committed 7808K, reserved 8576K
}
Event: 8.789 GC heap before
{Heap before GC invocations=2 (full 0):
 def new generation   total 4928K, used 4928K [0x04e00000, 0x05350000, 0x0a350000)
  eden space 4416K, 100% used [0x04e00000, 0x05250000, 0x05250000)
  from space 512K, 100% used [0x05250000, 0x052d0000, 0x052d0000)
  to   space 512K,   0% used [0x052d0000, 0x052d0000, 0x05350000)
 tenured generation   total 10944K, used 1905K [0x0a350000, 0x0ae00000, 0x14e00000)
   the space 10944K,  17% used [0x0a350000, 0x0a52c658, 0x0a52c800, 0x0ae00000)
 Metaspace       used 7726K, capacity 7901K, committed 8064K, reserved 8576K
Event: 8.792 GC heap after
Heap after GC invocations=3 (full 0):
 def new generation   total 4928K, used 144K [0x04e00000, 0x05350000, 0x0a350000)
  eden space 4416K,   0% used [0x04e00000, 0x04e00000, 0x05250000)
  from space 512K,  28% used [0x052d0000, 0x052f4338, 0x05350000)
  to   space 512K,   0% used [0x05250000, 0x05250000, 0x052d0000)
 tenured generation   total 10944K, used 4995K [0x0a350000, 0x0ae00000, 0x14e00000)
   the space 10944K,  45% used [0x0a350000, 0x0a830d98, 0x0a830e00, 0x0ae00000)
 Metaspace       used 7726K, capacity 7901K, committed 8064K, reserved 8576K
}
Event: 9.271 GC heap before
{Heap before GC invocations=3 (full 0):
 def new generation   total 4928K, used 4560K [0x04e00000, 0x05350000, 0x0a350000)
  eden space 4416K, 100% used [0x04e00000, 0x05250000, 0x05250000)
  from space 512K,  28% used [0x052d0000, 0x052f4338, 0x05350000)
  to   space 512K,   0% used [0x05250000, 0x05250000, 0x052d0000)
 tenured generation   total 10944K, used 4995K [0x0a350000, 0x0ae00000, 0x14e00000)
   the space 10944K,  45% used [0x0a350000, 0x0a830d98, 0x0a830e00, 0x0ae00000)
 Metaspace       used 8428K, capacity 8637K, committed 8704K, reserved 9600K
Event: 9.273 GC heap after
Heap after GC invocations=4 (full 0):
 def new generation   total 4928K, used 511K [0x04e00000, 0x05350000, 0x0a350000)
  eden space 4416K,   0% used [0x04e00000, 0x04e00000, 0x05250000)
  from space 512K,  99% used [0x05250000, 0x052cfff8, 0x052d0000)
  to   space 512K,   0% used [0x052d0000, 0x052d0000, 0x05350000)
 tenured generation   total 10944K, used 5243K [0x0a350000, 0x0ae00000, 0x14e00000)
   the space 10944K,  47% used [0x0a350000, 0x0a86ed28, 0x0a86ee00, 0x0ae00000)
 Metaspace       used 8428K, capacity 8637K, committed 8704K, reserved 9600K
}
Event: 10.232 GC heap before
{Heap before GC invocations=4 (full 0):
 def new generation   total 4928K, used 4897K [0x04e00000, 0x05350000, 0x0a350000)
  eden space 4416K,  99% used [0x04e00000, 0x052487a8, 0x05250000)
  from space 512K,  99% used [0x05250000, 0x052cfff8, 0x052d0000)
  to   space 512K,   0% used [0x052d0000, 0x052d0000, 0x05350000)
 tenured generation   total 10944K, used 5243K [0x0a350000, 0x0ae00000, 0x14e00000)
   the space 10944K,  47% used [0x0a350000, 0x0a86ed28, 0x0a86ee00, 0x0ae00000)
 Metaspace       used 8682K, capacity 8864K, committed 8960K, reserved 9600K
Event: 10.234 GC heap after
Heap after GC invocations=5 (full 0):
 def new generation   total 4928K, used 484K [0x04e00000, 0x05350000, 0x0a350000)
  eden space 4416K,   0% used [0x04e00000, 0x04e00000, 0x05250000)
  from space 512K,  94% used [0x052d0000, 0x05349378, 0x05350000)
  to   space 512K,   0% used [0x05250000, 0x05250000, 0x052d0000)
 tenured generation   total 10944K, used 5479K [0x0a350000, 0x0ae00000, 0x14e00000)
   the space 10944K,  50% used [0x0a350000, 0x0a8a9c60, 0x0a8a9e00, 0x0ae00000)
 Metaspace       used 8682K, capacity 8864K, committed 8960K, reserved 9600K
}

