# JRE version: Java(TM) SE Runtime Environment (8.0_141-b15) (build 1.8.0_141-b15)
# Java VM: Java HotSpot(TM) Client VM (25.141-b15 mixed mode windows-x86 )
Heap:
 def new generation   total 4928K, used 1901K [0x04a00000, 0x04f50000, 0x09f50000)
  eden space 4416K,  42% used [0x04a00000, 0x04bda038, 0x04e50000)
  from space 512K,   0% used [0x04ed0000, 0x04ed1448, 0x04f50000)
  to   space 512K,   0% used [0x04e50000, 0x04e50000, 0x04ed0000)
 tenured generation   total 10944K, used 8132K [0x09f50000, 0x0aa00000, 0x14a00000)
   the space 10944K,  74% used [0x09f50000, 0x0a741080, 0x0a741200, 0x0aa00000)
 Metaspace       used 8717K, capacity 8898K, committed 9088K, reserved 9600K
GC Heap History (10 events):
Event: 5.671 GC heap before
{Heap before GC invocations=2 (full 0):
 def new generation   total 4928K, used 4928K [0x04a00000, 0x04f50000, 0x09f50000)
  eden space 4416K, 100% used [0x04a00000, 0x04e50000, 0x04e50000)
  from space 512K, 100% used [0x04e50000, 0x04ed0000, 0x04ed0000)
  to   space 512K,   0% used [0x04ed0000, 0x04ed0000, 0x04f50000)
 tenured generation   total 10944K, used 1905K [0x09f50000, 0x0aa00000, 0x14a00000)
   the space 10944K,  17% used [0x09f50000, 0x0a12c5b0, 0x0a12c600, 0x0aa00000)
 Metaspace       used 7953K, capacity 8125K, committed 8192K, reserved 8576K
Event: 5.674 GC heap after
Heap after GC invocations=3 (full 0):
 def new generation   total 4928K, used 300K [0x04a00000, 0x04f50000, 0x09f50000)
  eden space 4416K,   0% used [0x04a00000, 0x04a00000, 0x04e50000)
  from space 512K,  58% used [0x04ed0000, 0x04f1b230, 0x04f50000)
  to   space 512K,   0% used [0x04e50000, 0x04e50000, 0x04ed0000)
 tenured generation   total 10944K, used 4995K [0x09f50000, 0x0aa00000, 0x14a00000)
   the space 10944K,  45% used [0x09f50000, 0x0a430e10, 0x0a431000, 0x0aa00000)
 Metaspace       used 7953K, capacity 8125K, committed 8192K, reserved 8576K
}
Event: 6.101 GC heap before
{Heap before GC invocations=3 (full 0):
 def new generation   total 4928K, used 4716K [0x04a00000, 0x04f50000, 0x09f50000)
  eden space 4416K, 100% used [0x04a00000, 0x04e50000, 0x04e50000)
  from space 512K,  58% used [0x04ed0000, 0x04f1b230, 0x04f50000)
  to   space 512K,   0% used [0x04e50000, 0x04e50000, 0x04ed0000)
 tenured generation   total 10944K, used 4995K [0x09f50000, 0x0aa00000, 0x14a00000)
   the space 10944K,  45% used [0x09f50000, 0x0a430e10, 0x0a431000, 0x0aa00000)
 Metaspace       used 8480K, capacity 8669K, committed 8832K, reserved 9600K
Event: 6.102 GC heap after
Heap after GC invocations=4 (full 0):
 def new generation   total 4928K, used 512K [0x04a00000, 0x04f50000, 0x09f50000)
  eden space 4416K,   0% used [0x04a00000, 0x04a00000, 0x04e50000)
  from space 512K, 100% used [0x04e50000, 0x04ed0000, 0x04ed0000)
  to   space 512K,   0% used [0x04ed0000, 0x04ed0000, 0x04f50000)
 tenured generation   total 10944K, used 5224K [0x09f50000, 0x0aa00000, 0x14a00000)
   the space 10944K,  47% used [0x09f50000, 0x0a46a300, 0x0a46a400, 0x0aa00000)
 Metaspace       used 8480K, capacity 8669K, committed 8832K, reserved 9600K
}
Event: 6.624 GC heap before
{Heap before GC invocations=4 (full 0):
 def new generation   total 4928K, used 4899K [0x04a00000, 0x04f50000, 0x09f50000)
  eden space 4416K,  99% used [0x04a00000, 0x04e48ca0, 0x04e50000)
  from space 512K, 100% used [0x04e50000, 0x04ed0000, 0x04ed0000)
  to   space 512K,   0% used [0x04ed0000, 0x04ed0000, 0x04f50000)
 tenured generation   total 10944K, used 5224K [0x09f50000, 0x0aa00000, 0x14a00000)
   the space 10944K,  47% used [0x09f50000, 0x0a46a300, 0x0a46a400, 0x0aa00000)
 Metaspace       used 8717K, capacity 8898K, committed 9088K, reserved 9600K
Event: 6.625 GC heap after
Heap after GC invocations=5 (full 0):
 def new generation   total 4928K, used 394K [0x04a00000, 0x04f50000, 0x09f50000)
  eden space 4416K,   0% used [0x04a00000, 0x04a00000, 0x04e50000)
  from space 512K,  77% used [0x04ed0000, 0x04f32948, 0x04f50000)
  to   space 512K,   0% used [0x04e50000, 0x04e50000, 0x04ed0000)
 tenured generation   total 10944K, used 6250K [0x09f50000, 0x0aa00000, 0x14a00000)
   the space 10944K,  57% used [0x09f50000, 0x0a56a9f0, 0x0a56aa00, 0x0aa00000)
 Metaspace       used 8717K, capacity 8898K, committed 9088K, reserved 9600K
}
Event: 6.777 GC heap before
{Heap before GC invocations=5 (full 0):
 def new generation   total 4928K, used 4107K [0x04a00000, 0x04f50000, 0x09f50000)
  eden space 4416K,  84% used [0x04a00000, 0x04da0460, 0x04e50000)
  from space 512K,  77% used [0x04ed0000, 0x04f32948, 0x04f50000)
  to   space 512K,   0% used [0x04e50000, 0x04e50000, 0x04ed0000)
 tenured generation   total 10944K, used 6250K [0x09f50000, 0x0aa00000, 0x14a00000)
   the space 10944K,  57% used [0x09f50000, 0x0a56a9f0, 0x0a56aa00, 0x0aa00000)
 Metaspace       used 8717K, capacity 8898K, committed 9088K, reserved 9600K
Event: 6.778 GC heap after
Heap after GC invocations=6 (full 0):
 def new generation   total 4928K, used 2K [0x04a00000, 0x04f50000, 0x09f50000)
  eden space 4416K,   0% used [0x04a00000, 0x04a00000, 0x04e50000)
  from space 512K,   0% used [0x04e50000, 0x04e50a98, 0x04ed0000)
  to   space 512K,   0% used [0x04ed0000, 0x04ed0000, 0x04f50000)
 tenured generation   total 10944K, used 7232K [0x09f50000, 0x0aa00000, 0x14a00000)
   the space 10944K,  66% used [0x09f50000, 0x0a660070, 0x0a660200, 0x0aa00000)
 Metaspace       used 8717K, capacity 8898K, committed 9088K, reserved 9600K
}
Event: 6.924 GC heap before
{Heap before GC invocations=6 (full 0):
 def new generation   total 4928K, used 3706K [0x04a00000, 0x04f50000, 0x09f50000)
  eden space 4416K,  83% used [0x04a00000, 0x04d9dff0, 0x04e50000)
  from space 512K,   0% used [0x04e50000, 0x04e50a98, 0x04ed0000)
  to   space 512K,   0% used [0x04ed0000, 0x04ed0000, 0x04f50000)
 tenured generation   total 10944K, used 7232K [0x09f50000, 0x0aa00000, 0x14a00000)
   the space 10944K,  66% used [0x09f50000, 0x0a660070, 0x0a660200, 0x0aa00000)
 Metaspace       used 8717K, capacity 8898K, committed 9088K, reserved 9600K
Event: 6.925 GC heap after
Heap after GC invocations=7 (full 0):
 def new generation   total 4928K, used 5K [0x04a00000, 0x04f50000, 0x09f50000)
  eden space 4416K,   0% used [0x04a00000, 0x04a00000, 0x04e50000)
  from space 512K,   0% used [0x04ed0000, 0x04ed1448, 0x04f50000)
  to   space 512K,   0% used [0x04e50000, 0x04e50000, 0x04ed0000)
 tenured generation   total 10944K, used 8132K [0x09f50000, 0x0aa00000, 0x14a00000)
   the space 10944K,  74% used [0x09f50000, 0x0a741080, 0x0a741200, 0x0aa00000)
 Metaspace       used 8717K, capacity 8898K, committed 9088K, reserved 9600K
}

