# JRE version: Java(TM) SE Runtime Environment (8.0_141-b15) (build 1.8.0_141-b15)
# Java VM: Java HotSpot(TM) Client VM (25.141-b15 mixed mode, sharing windows-x86 )
Heap:
 def new generation   total 4928K, used 2334K [0x04200000, 0x04750000, 0x09750000)
  eden space 4416K,  41% used [0x04200000, 0x043c7b80, 0x04650000)
  from space 512K, 100% used [0x04650000, 0x046d0000, 0x046d0000)
  to   space 512K,   0% used [0x046d0000, 0x046d0000, 0x04750000)
 tenured generation   total 10944K, used 5155K [0x09750000, 0x0a200000, 0x14200000)
   the space 10944K,  47% used [0x09750000, 0x09c58e20, 0x09c59000, 0x0a200000)
 Metaspace       used 1722K, capacity 3127K, committed 3136K, reserved 4480K
GC Heap History (8 events):
Event: 0.179 GC heap before
{Heap before GC invocations=0 (full 0):
 def new generation   total 4928K, used 4416K [0x04200000, 0x04750000, 0x09750000)
  eden space 4416K, 100% used [0x04200000, 0x04650000, 0x04650000)
  from space 512K,   0% used [0x04650000, 0x04650000, 0x046d0000)
  to   space 512K,   0% used [0x046d0000, 0x046d0000, 0x04750000)
 tenured generation   total 10944K, used 0K [0x09750000, 0x0a200000, 0x14200000)
   the space 10944K,   0% used [0x09750000, 0x09750000, 0x09750200, 0x0a200000)
 Metaspace       used 765K, capacity 2504K, committed 2624K, reserved 4480K
Event: 0.182 GC heap after
Heap after GC invocations=1 (full 0):
 def new generation   total 4928K, used 512K [0x04200000, 0x04750000, 0x09750000)
  eden space 4416K,   0% used [0x04200000, 0x04200000, 0x04650000)
  from space 512K, 100% used [0x046d0000, 0x04750000, 0x04750000)
  to   space 512K,   0% used [0x04650000, 0x04650000, 0x046d0000)
 tenured generation   total 10944K, used 940K [0x09750000, 0x0a200000, 0x14200000)
   the space 10944K,   8% used [0x09750000, 0x0983b3a8, 0x0983b400, 0x0a200000)
 Metaspace       used 765K, capacity 2504K, committed 2624K, reserved 4480K
}
Event: 0.292 GC heap before
{Heap before GC invocations=1 (full 0):
 def new generation   total 4928K, used 2479K [0x04200000, 0x04750000, 0x09750000)
  eden space 4416K,  44% used [0x04200000, 0x043ebc88, 0x04650000)
  from space 512K, 100% used [0x046d0000, 0x04750000, 0x04750000)
  to   space 512K,   0% used [0x04650000, 0x04650000, 0x046d0000)
 tenured generation   total 10944K, used 940K [0x09750000, 0x0a200000, 0x14200000)
   the space 10944K,   8% used [0x09750000, 0x0983b3a8, 0x0983b400, 0x0a200000)
 Metaspace       used 864K, capacity 2519K, committed 2624K, reserved 4480K
Event: 0.296 GC heap after
Heap after GC invocations=2 (full 0):
 def new generation   total 4928K, used 512K [0x04200000, 0x04750000, 0x09750000)
  eden space 4416K,   0% used [0x04200000, 0x04200000, 0x04650000)
  from space 512K, 100% used [0x04650000, 0x046d0000, 0x046d0000)
  to   space 512K,   0% used [0x046d0000, 0x046d0000, 0x04750000)
 tenured generation   total 10944K, used 1819K [0x09750000, 0x0a200000, 0x14200000)
   the space 10944K,  16% used [0x09750000, 0x09916c88, 0x09916e00, 0x0a200000)
 Metaspace       used 864K, capacity 2519K, committed 2624K, reserved 4480K
}
Event: 31.209 GC heap before
{Heap before GC invocations=2 (full 0):
 def new generation   total 4928K, used 4926K [0x04200000, 0x04750000, 0x09750000)
  eden space 4416K,  99% used [0x04200000, 0x0464fbc8, 0x04650000)
  from space 512K, 100% used [0x04650000, 0x046d0000, 0x046d0000)
  to   space 512K,   0% used [0x046d0000, 0x046d0000, 0x04750000)
 tenured generation   total 10944K, used 1819K [0x09750000, 0x0a200000, 0x14200000)
   the space 10944K,  16% used [0x09750000, 0x09916c88, 0x09916e00, 0x0a200000)
 Metaspace       used 968K, capacity 2519K, committed 2624K, reserved 4480K
Event: 31.212 GC heap after
Heap after GC invocations=3 (full 0):
 def new generation   total 4928K, used 108K [0x04200000, 0x04750000, 0x09750000)
  eden space 4416K,   0% used [0x04200000, 0x04200000, 0x04650000)
  from space 512K,  21% used [0x046d0000, 0x046eb3e8, 0x04750000)
  to   space 512K,   0% used [0x04650000, 0x04650000, 0x046d0000)
 tenured generation   total 10944K, used 4907K [0x09750000, 0x0a200000, 0x14200000)
   the space 10944K,  44% used [0x09750000, 0x09c1adc8, 0x09c1ae00, 0x0a200000)
 Metaspace       used 968K, capacity 2519K, committed 2624K, reserved 4480K
}
Event: 31.653 GC heap before
{Heap before GC invocations=3 (full 0):
 def new generation   total 4928K, used 4524K [0x04200000, 0x04750000, 0x09750000)
  eden space 4416K, 100% used [0x04200000, 0x04650000, 0x04650000)
  from space 512K,  21% used [0x046d0000, 0x046eb3e8, 0x04750000)
  to   space 512K,   0% used [0x04650000, 0x04650000, 0x046d0000)
 tenured generation   total 10944K, used 4907K [0x09750000, 0x0a200000, 0x14200000)
   the space 10944K,  44% used [0x09750000, 0x09c1adc8, 0x09c1ae00, 0x0a200000)
 Metaspace       used 1633K, capacity 3063K, committed 3136K, reserved 4480K
Event: 31.654 GC heap after
Heap after GC invocations=4 (full 0):
 def new generation   total 4928K, used 512K [0x04200000, 0x04750000, 0x09750000)
  eden space 4416K,   0% used [0x04200000, 0x04200000, 0x04650000)
  from space 512K, 100% used [0x04650000, 0x046d0000, 0x046d0000)
  to   space 512K,   0% used [0x046d0000, 0x046d0000, 0x04750000)
 tenured generation   total 10944K, used 5155K [0x09750000, 0x0a200000, 0x14200000)
   the space 10944K,  47% used [0x09750000, 0x09c58e20, 0x09c59000, 0x0a200000)
 Metaspace       used 1633K, capacity 3063K, committed 3136K, reserved 4480K
}

