# JRE version: Java(TM) SE Runtime Environment (8.0_141-b15) (build 1.8.0_141-b15)
# Java VM: Java HotSpot(TM) Client VM (25.141-b15 mixed mode, sharing windows-x86 )
Heap:
 def new generation   total 4928K, used 989K [0x04200000, 0x04750000, 0x09750000)
  eden space 4416K,  21% used [0x04200000, 0x042ee000, 0x04650000)
  from space 512K,   7% used [0x04650000, 0x04659648, 0x046d0000)
  to   space 512K,   0% used [0x046d0000, 0x046d0000, 0x04750000)
 tenured generation   total 10944K, used 7261K [0x09750000, 0x0a200000, 0x14200000)
   the space 10944K,  66% used [0x09750000, 0x09e677e0, 0x09e67800, 0x0a200000)
 Metaspace       used 1892K, capacity 3322K, committed 3392K, reserved 4480K
GC Heap History (10 events):
Event: 0.583 GC heap before
{Heap before GC invocations=1 (full 0):
 def new generation   total 4928K, used 3108K [0x04200000, 0x04750000, 0x09750000)
  eden space 4416K,  58% used [0x04200000, 0x04489078, 0x04650000)
  from space 512K, 100% used [0x046d0000, 0x04750000, 0x04750000)
  to   space 512K,   0% used [0x04650000, 0x04650000, 0x046d0000)
 tenured generation   total 10944K, used 787K [0x09750000, 0x0a200000, 0x14200000)
   the space 10944K,   7% used [0x09750000, 0x09814ea8, 0x09815000, 0x0a200000)
 Metaspace       used 864K, capacity 2517K, committed 2624K, reserved 4480K
Event: 0.588 GC heap after
Heap after GC invocations=2 (full 0):
 def new generation   total 4928K, used 512K [0x04200000, 0x04750000, 0x09750000)
  eden space 4416K,   0% used [0x04200000, 0x04200000, 0x04650000)
  from space 512K, 100% used [0x04650000, 0x046d0000, 0x046d0000)
  to   space 512K,   0% used [0x046d0000, 0x046d0000, 0x04750000)
 tenured generation   total 10944K, used 1907K [0x09750000, 0x0a200000, 0x14200000)
   the space 10944K,  17% used [0x09750000, 0x0992cd10, 0x0992ce00, 0x0a200000)
 Metaspace       used 864K, capacity 2517K, committed 2624K, reserved 4480K
}
Event: 15.633 GC heap before
{Heap before GC invocations=2 (full 0):
 def new generation   total 4928K, used 4928K [0x04200000, 0x04750000, 0x09750000)
  eden space 4416K, 100% used [0x04200000, 0x04650000, 0x04650000)
  from space 512K, 100% used [0x04650000, 0x046d0000, 0x046d0000)
  to   space 512K,   0% used [0x046d0000, 0x046d0000, 0x04750000)
 tenured generation   total 10944K, used 1907K [0x09750000, 0x0a200000, 0x14200000)
   the space 10944K,  17% used [0x09750000, 0x0992cd10, 0x0992ce00, 0x0a200000)
 Metaspace       used 1036K, capacity 2613K, committed 2624K, reserved 4480K
Event: 15.636 GC heap after
Heap after GC invocations=3 (full 0):
 def new generation   total 4928K, used 212K [0x04200000, 0x04750000, 0x09750000)
  eden space 4416K,   0% used [0x04200000, 0x04200000, 0x04650000)
  from space 512K,  41% used [0x046d0000, 0x047052d8, 0x04750000)
  to   space 512K,   0% used [0x04650000, 0x04650000, 0x046d0000)
 tenured generation   total 10944K, used 4997K [0x09750000, 0x0a200000, 0x14200000)
   the space 10944K,  45% used [0x09750000, 0x09c31568, 0x09c31600, 0x0a200000)
 Metaspace       used 1036K, capacity 2613K, committed 2624K, reserved 4480K
}
Event: 16.127 GC heap before
{Heap before GC invocations=3 (full 0):
 def new generation   total 4928K, used 4628K [0x04200000, 0x04750000, 0x09750000)
  eden space 4416K, 100% used [0x04200000, 0x04650000, 0x04650000)
  from space 512K,  41% used [0x046d0000, 0x047052d8, 0x04750000)
  to   space 512K,   0% used [0x04650000, 0x04650000, 0x046d0000)
 tenured generation   total 10944K, used 4997K [0x09750000, 0x0a200000, 0x14200000)
   the space 10944K,  45% used [0x09750000, 0x09c31568, 0x09c31600, 0x0a200000)
 Metaspace       used 1648K, capacity 3093K, committed 3136K, reserved 4480K
Event: 16.129 GC heap after
Heap after GC invocations=4 (full 0):
 def new generation   total 4928K, used 512K [0x04200000, 0x04750000, 0x09750000)
  eden space 4416K,   0% used [0x04200000, 0x04200000, 0x04650000)
  from space 512K, 100% used [0x04650000, 0x046d0000, 0x046d0000)
  to   space 512K,   0% used [0x046d0000, 0x046d0000, 0x04750000)
 tenured generation   total 10944K, used 5177K [0x09750000, 0x0a200000, 0x14200000)
   the space 10944K,  47% used [0x09750000, 0x09c5e488, 0x09c5e600, 0x0a200000)
 Metaspace       used 1648K, capacity 3093K, committed 3136K, reserved 4480K
}
Event: 17.246 GC heap before
{Heap before GC invocations=4 (full 0):
 def new generation   total 4928K, used 4547K [0x04200000, 0x04750000, 0x09750000)
  eden space 4416K,  91% used [0x04200000, 0x045f0f18, 0x04650000)
  from space 512K, 100% used [0x04650000, 0x046d0000, 0x046d0000)
  to   space 512K,   0% used [0x046d0000, 0x046d0000, 0x04750000)
 tenured generation   total 10944K, used 5177K [0x09750000, 0x0a200000, 0x14200000)
   the space 10944K,  47% used [0x09750000, 0x09c5e488, 0x09c5e600, 0x0a200000)
 Metaspace       used 1881K, capacity 3320K, committed 3392K, reserved 4480K
Event: 17.247 GC heap after
Heap after GC invocations=5 (full 0):
 def new generation   total 4928K, used 450K [0x04200000, 0x04750000, 0x09750000)
  eden space 4416K,   0% used [0x04200000, 0x04200000, 0x04650000)
  from space 512K,  87% used [0x046d0000, 0x047409d0, 0x04750000)
  to   space 512K,   0% used [0x04650000, 0x04650000, 0x046d0000)
 tenured generation   total 10944K, used 5376K [0x09750000, 0x0a200000, 0x14200000)
   the space 10944K,  49% used [0x09750000, 0x09c90098, 0x09c90200, 0x0a200000)
 Metaspace       used 1881K, capacity 3320K, committed 3392K, reserved 4480K
}
Event: 17.566 GC heap before
{Heap before GC invocations=5 (full 0):
 def new generation   total 4928K, used 4206K [0x04200000, 0x04750000, 0x09750000)
  eden space 4416K,  85% used [0x04200000, 0x045ab100, 0x04650000)
  from space 512K,  87% used [0x046d0000, 0x047409d0, 0x04750000)
  to   space 512K,   0% used [0x04650000, 0x04650000, 0x046d0000)
 tenured generation   total 10944K, used 5376K [0x09750000, 0x0a200000, 0x14200000)
   the space 10944K,  49% used [0x09750000, 0x09c90098, 0x09c90200, 0x0a200000)
 Metaspace       used 1892K, capacity 3322K, committed 3392K, reserved 4480K
Event: 17.568 GC heap after
Heap after GC invocations=6 (full 0):
 def new generation   total 4928K, used 37K [0x04200000, 0x04750000, 0x09750000)
  eden space 4416K,   0% used [0x04200000, 0x04200000, 0x04650000)
  from space 512K,   7% used [0x04650000, 0x04659648, 0x046d0000)
  to   space 512K,   0% used [0x046d0000, 0x046d0000, 0x04750000)
 tenured generation   total 10944K, used 7261K [0x09750000, 0x0a200000, 0x14200000)
   the space 10944K,  66% used [0x09750000, 0x09e677e0, 0x09e67800, 0x0a200000)
 Metaspace       used 1892K, capacity 3322K, committed 3392K, reserved 4480K
}

