# JRE version: Java(TM) SE Runtime Environment (8.0_141-b15) (build 1.8.0_141-b15)
# Java VM: Java HotSpot(TM) Client VM (25.141-b15 mixed mode, sharing windows-x86 )
Heap:
 def new generation   total 4992K, used 2822K [0x04800000, 0x04d60000, 0x09d50000)
  eden space 4480K,  62% used [0x04800000, 0x04abd470, 0x04c60000)
  from space 512K,   3% used [0x04ce0000, 0x04ce43d0, 0x04d60000)
  to   space 512K,   0% used [0x04c60000, 0x04c60000, 0x04ce0000)
 tenured generation   total 10944K, used 9546K [0x09d50000, 0x0a800000, 0x14800000)
   the space 10944K,  87% used [0x09d50000, 0x0a6a2ae8, 0x0a6a2c00, 0x0a800000)
 Metaspace       used 1882K, capacity 3307K, committed 3392K, reserved 4480K
GC Heap History (10 events):
Event: 70.982 GC heap before
{Heap before GC invocations=394 (full 77):
 def new generation   total 4992K, used 3735K [0x04800000, 0x04d60000, 0x09d50000)
  eden space 4480K,  83% used [0x04800000, 0x04ba4e88, 0x04c60000)
  from space 512K,   0% used [0x04c60000, 0x04c60fc0, 0x04ce0000)
  to   space 512K,   0% used [0x04ce0000, 0x04ce0000, 0x04d60000)
 tenured generation   total 10944K, used 8646K [0x09d50000, 0x0a800000, 0x14800000)
   the space 10944K,  79% used [0x09d50000, 0x0a5c1ae8, 0x0a5c1c00, 0x0a800000)
 Metaspace       used 1882K, capacity 3307K, committed 3392K, reserved 4480K
Event: 70.983 GC heap after
Heap after GC invocations=395 (full 77):
 def new generation   total 4992K, used 16K [0x04800000, 0x04d60000, 0x09d50000)
  eden space 4480K,   0% used [0x04800000, 0x04800000, 0x04c60000)
  from space 512K,   3% used [0x04ce0000, 0x04ce4140, 0x04d60000)
  to   space 512K,   0% used [0x04c60000, 0x04c60000, 0x04ce0000)
 tenured generation   total 10944K, used 9546K [0x09d50000, 0x0a800000, 0x14800000)
   the space 10944K,  87% used [0x09d50000, 0x0a6a2af8, 0x0a6a2c00, 0x0a800000)
 Metaspace       used 1882K, capacity 3307K, committed 3392K, reserved 4480K
}
Event: 71.144 GC heap before
{Heap before GC invocations=395 (full 77):
 def new generation   total 4992K, used 3725K [0x04800000, 0x04d60000, 0x09d50000)
  eden space 4480K,  82% used [0x04800000, 0x04b9f5c0, 0x04c60000)
  from space 512K,   3% used [0x04ce0000, 0x04ce4140, 0x04d60000)
  to   space 512K,   0% used [0x04c60000, 0x04c60000, 0x04ce0000)
 tenured generation   total 10944K, used 9546K [0x09d50000, 0x0a800000, 0x14800000)
   the space 10944K,  87% used [0x09d50000, 0x0a6a2af8, 0x0a6a2c00, 0x0a800000)
 Metaspace       used 1882K, capacity 3307K, committed 3392K, reserved 4480K
Event: 71.145 GC heap after
Heap after GC invocations=396 (full 77):
 def new generation   total 4992K, used 16K [0x04800000, 0x04d60000, 0x09d50000)
  eden space 4480K,   0% used [0x04800000, 0x04800000, 0x04c60000)
  from space 512K,   3% used [0x04c60000, 0x04c64140, 0x04ce0000)
  to   space 512K,   0% used [0x04ce0000, 0x04ce0000, 0x04d60000)
 tenured generation   total 10944K, used 10446K [0x09d50000, 0x0a800000, 0x14800000)
   the space 10944K,  95% used [0x09d50000, 0x0a783b08, 0x0a783c00, 0x0a800000)
 Metaspace       used 1882K, capacity 3307K, committed 3392K, reserved 4480K
}
Event: 71.312 GC heap before
{Heap before GC invocations=396 (full 77):
 def new generation   total 4992K, used 3725K [0x04800000, 0x04d60000, 0x09d50000)
  eden space 4480K,  82% used [0x04800000, 0x04b9f620, 0x04c60000)
  from space 512K,   3% used [0x04c60000, 0x04c64140, 0x04ce0000)
  to   space 512K,   0% used [0x04ce0000, 0x04ce0000, 0x04d60000)
 tenured generation   total 10944K, used 10446K [0x09d50000, 0x0a800000, 0x14800000)
   the space 10944K,  95% used [0x09d50000, 0x0a783b08, 0x0a783c00, 0x0a800000)
 Metaspace       used 1882K, capacity 3307K, committed 3392K, reserved 4480K
Event: 71.320 GC heap after
Heap after GC invocations=397 (full 78):
 def new generation   total 4992K, used 0K [0x04800000, 0x04d60000, 0x09d50000)
  eden space 4480K,   0% used [0x04800000, 0x04800000, 0x04c60000)
  from space 512K,   0% used [0x04ce0000, 0x04ce0000, 0x04d60000)
  to   space 512K,   0% used [0x04c60000, 0x04c60000, 0x04ce0000)
 tenured generation   total 10944K, used 5946K [0x09d50000, 0x0a800000, 0x14800000)
   the space 10944K,  54% used [0x09d50000, 0x0a31eaa8, 0x0a31ec00, 0x0a800000)
 Metaspace       used 1882K, capacity 3307K, committed 3392K, reserved 4480K
}
Event: 71.481 GC heap before
{Heap before GC invocations=397 (full 78):
 def new generation   total 4992K, used 3731K [0x04800000, 0x04d60000, 0x09d50000)
  eden space 4480K,  83% used [0x04800000, 0x04ba4ed8, 0x04c60000)
  from space 512K,   0% used [0x04ce0000, 0x04ce0000, 0x04d60000)
  to   space 512K,   0% used [0x04c60000, 0x04c60000, 0x04ce0000)
 tenured generation   total 10944K, used 5946K [0x09d50000, 0x0a800000, 0x14800000)
   the space 10944K,  54% used [0x09d50000, 0x0a31eaa8, 0x0a31ec00, 0x0a800000)
 Metaspace       used 1882K, capacity 3307K, committed 3392K, reserved 4480K
Event: 71.481 GC heap after
Heap after GC invocations=398 (full 78):
 def new generation   total 4992K, used 16K [0x04800000, 0x04d60000, 0x09d50000)
  eden space 4480K,   0% used [0x04800000, 0x04800000, 0x04c60000)
  from space 512K,   3% used [0x04c60000, 0x04c64278, 0x04ce0000)
  to   space 512K,   0% used [0x04ce0000, 0x04ce0000, 0x04d60000)
 tenured generation   total 10944K, used 8646K [0x09d50000, 0x0a800000, 0x14800000)
   the space 10944K,  79% used [0x09d50000, 0x0a5c1ad8, 0x0a5c1c00, 0x0a800000)
 Metaspace       used 1882K, capacity 3307K, committed 3392K, reserved 4480K
}
Event: 71.645 GC heap before
{Heap before GC invocations=398 (full 78):
 def new generation   total 4992K, used 3726K [0x04800000, 0x04d60000, 0x09d50000)
  eden space 4480K,  82% used [0x04800000, 0x04b9f5e8, 0x04c60000)
  from space 512K,   3% used [0x04c60000, 0x04c64278, 0x04ce0000)
  to   space 512K,   0% used [0x04ce0000, 0x04ce0000, 0x04d60000)
 tenured generation   total 10944K, used 8646K [0x09d50000, 0x0a800000, 0x14800000)
   the space 10944K,  79% used [0x09d50000, 0x0a5c1ad8, 0x0a5c1c00, 0x0a800000)
 Metaspace       used 1882K, capacity 3307K, committed 3392K, reserved 4480K
Event: 71.646 GC heap after
Heap after GC invocations=399 (full 78):
 def new generation   total 4992K, used 16K [0x04800000, 0x04d60000, 0x09d50000)
  eden space 4480K,   0% used [0x04800000, 0x04800000, 0x04c60000)
  from space 512K,   3% used [0x04ce0000, 0x04ce43d0, 0x04d60000)
  to   space 512K,   0% used [0x04c60000, 0x04c60000, 0x04ce0000)
 tenured generation   total 10944K, used 9546K [0x09d50000, 0x0a800000, 0x14800000)
   the space 10944K,  87% used [0x09d50000, 0x0a6a2ae8, 0x0a6a2c00, 0x0a800000)
 Metaspace       used 1882K, capacity 3307K, committed 3392K, reserved 4480K
}

