# JRE version: Java(TM) SE Runtime Environment (8.0_141-b15) (build 1.8.0_141-b15)
# Java VM: Java HotSpot(TM) Client VM (25.141-b15 mixed mode windows-x86 )
Heap:
 def new generation   total 6592K, used 1891K [0x04e00000, 0x05520000, 0x0a350000)
  eden space 5888K,  32% used [0x04e00000, 0x04fd8c50, 0x053c0000)
  from space 704K,   0% used [0x053c0000, 0x053c0000, 0x05470000)
  to   space 704K,   0% used [0x05470000, 0x05470000, 0x05520000)
 tenured generation   total 14560K, used 7540K [0x0a350000, 0x0b188000, 0x14e00000)
   the space 14560K,  51% used [0x0a350000, 0x0aaad000, 0x0aaad000, 0x0b188000)
 Metaspace       used 8866K, capacity 9041K, committed 9216K, reserved 9600K
GC Heap History (10 events):
Event: 13.024 GC heap before
{Heap before GC invocations=18 (full 2):
 def new generation   total 5376K, used 4636K [0x04e00000, 0x053d0000, 0x0a350000)
  eden space 4800K,  96% used [0x04e00000, 0x052862e8, 0x052b0000)
  from space 576K,   0% used [0x052b0000, 0x052b0fb0, 0x05340000)
  to   space 576K,   0% used [0x05340000, 0x05340000, 0x053d0000)
 tenured generation   total 11848K, used 9139K [0x0a350000, 0x0aee2000, 0x14e00000)
   the space 11848K,  77% used [0x0a350000, 0x0ac3cfc0, 0x0ac3d000, 0x0aee2000)
 Metaspace       used 8712K, capacity 8883K, committed 9088K, reserved 9600K
Event: 13.025 GC heap after
Heap after GC invocations=19 (full 2):
 def new generation   total 5376K, used 4K [0x04e00000, 0x053d0000, 0x0a350000)
  eden space 4800K,   0% used [0x04e00000, 0x04e00000, 0x052b0000)
  from space 576K,   0% used [0x05340000, 0x05341108, 0x053d0000)
  to   space 576K,   0% used [0x052b0000, 0x052b0000, 0x05340000)
 tenured generation   total 11848K, used 10039K [0x0a350000, 0x0aee2000, 0x14e00000)
   the space 11848K,  84% used [0x0a350000, 0x0ad1dfd0, 0x0ad1e000, 0x0aee2000)
 Metaspace       used 8712K, capacity 8883K, committed 9088K, reserved 9600K
}
Event: 13.226 GC heap before
{Heap before GC invocations=19 (full 2):
 def new generation   total 5376K, used 4673K [0x04e00000, 0x053d0000, 0x0a350000)
  eden space 4800K,  97% used [0x04e00000, 0x0528f498, 0x052b0000)
  from space 576K,   0% used [0x05340000, 0x05341108, 0x053d0000)
  to   space 576K,   0% used [0x052b0000, 0x052b0000, 0x05340000)
 tenured generation   total 11848K, used 10039K [0x0a350000, 0x0aee2000, 0x14e00000)
   the space 11848K,  84% used [0x0a350000, 0x0ad1dfd0, 0x0ad1e000, 0x0aee2000)
 Metaspace       used 8712K, capacity 8883K, committed 9088K, reserved 9600K
Event: 13.227 GC heap after
Heap after GC invocations=20 (full 2):
 def new generation   total 5376K, used 16K [0x04e00000, 0x053d0000, 0x0a350000)
  eden space 4800K,   0% used [0x04e00000, 0x04e00000, 0x052b0000)
  from space 576K,   2% used [0x052b0000, 0x052b41f8, 0x05340000)
  to   space 576K,   0% used [0x05340000, 0x05340000, 0x053d0000)
 tenured generation   total 11848K, used 10939K [0x0a350000, 0x0aee2000, 0x14e00000)
   the space 11848K,  92% used [0x0a350000, 0x0adfefe0, 0x0adff000, 0x0aee2000)
 Metaspace       used 8712K, capacity 8883K, committed 9088K, reserved 9600K
}
Event: 13.366 GC heap before
{Heap before GC invocations=20 (full 2):
 def new generation   total 5376K, used 4638K [0x04e00000, 0x053d0000, 0x0a350000)
  eden space 4800K,  96% used [0x04e00000, 0x052836a0, 0x052b0000)
  from space 576K,   2% used [0x052b0000, 0x052b41f8, 0x05340000)
  to   space 576K,   0% used [0x05340000, 0x05340000, 0x053d0000)
 tenured generation   total 11848K, used 11839K [0x0a350000, 0x0aee2000, 0x14e00000)
   the space 11848K,  99% used [0x0a350000, 0x0aedfff0, 0x0aee0000, 0x0aee2000)
 Metaspace       used 8712K, capacity 8883K, committed 9088K, reserved 9600K
Event: 13.367 GC heap after
Heap after GC invocations=21 (full 2):
 def new generation   total 5376K, used 16K [0x04e00000, 0x053d0000, 0x0a350000)
  eden space 4800K,   0% used [0x04e00000, 0x04e00000, 0x052b0000)
  from space 576K,   2% used [0x05340000, 0x05344320, 0x053d0000)
  to   space 576K,   0% used [0x052b0000, 0x052b0000, 0x05340000)
 tenured generation   total 12752K, used 12740K [0x0a350000, 0x0afc4000, 0x14e00000)
   the space 12752K,  99% used [0x0a350000, 0x0afc1000, 0x0afc1000, 0x0afc4000)
 Metaspace       used 8712K, capacity 8883K, committed 9088K, reserved 9600K
}
Event: 13.605 GC heap before
{Heap before GC invocations=21 (full 2):
 def new generation   total 5376K, used 4668K [0x04e00000, 0x053d0000, 0x0a350000)
  eden space 4800K,  96% used [0x04e00000, 0x0528af70, 0x052b0000)
  from space 576K,   2% used [0x05340000, 0x05344320, 0x053d0000)
  to   space 576K,   0% used [0x052b0000, 0x052b0000, 0x05340000)
 tenured generation   total 13656K, used 13640K [0x0a350000, 0x0b0a6000, 0x14e00000)
   the space 13656K,  99% used [0x0a350000, 0x0b0a2010, 0x0b0a2200, 0x0b0a6000)
 Metaspace       used 8712K, capacity 8883K, committed 9088K, reserved 9600K
Event: 13.606 GC heap after
Heap after GC invocations=22 (full 2):
 def new generation   total 5376K, used 16K [0x04e00000, 0x053d0000, 0x0a350000)
  eden space 4800K,   0% used [0x04e00000, 0x04e00000, 0x052b0000)
  from space 576K,   2% used [0x052b0000, 0x052b4358, 0x05340000)
  to   space 576K,   0% used [0x05340000, 0x05340000, 0x053d0000)
 tenured generation   total 14560K, used 14540K [0x0a350000, 0x0b188000, 0x14e00000)
   the space 14560K,  99% used [0x0a350000, 0x0b183020, 0x0b183200, 0x0b188000)
 Metaspace       used 8712K, capacity 8883K, committed 9088K, reserved 9600K
}
Event: 23.294 GC heap before
{Heap before GC invocations=22 (full 2):
 def new generation   total 5376K, used 4253K [0x04e00000, 0x053d0000, 0x0a350000)
  eden space 4800K,  88% used [0x04e00000, 0x052233a0, 0x052b0000)
  from space 576K,   2% used [0x052b0000, 0x052b4358, 0x05340000)
  to   space 576K,   0% used [0x05340000, 0x05340000, 0x053d0000)
 tenured generation   total 14560K, used 14540K [0x0a350000, 0x0b188000, 0x14e00000)
   the space 14560K,  99% used [0x0a350000, 0x0b183020, 0x0b183200, 0x0b188000)
 Metaspace       used 8868K, capacity 9043K, committed 9216K, reserved 9600K
Event: 23.303 GC heap after
Heap after GC invocations=23 (full 3):
 def new generation   total 6592K, used 0K [0x04e00000, 0x05520000, 0x0a350000)
  eden space 5888K,   0% used [0x04e00000, 0x04e00000, 0x053c0000)
  from space 704K,   0% used [0x053c0000, 0x053c0000, 0x05470000)
  to   space 704K,   0% used [0x05470000, 0x05470000, 0x05520000)
 tenured generation   total 14560K, used 7540K [0x0a350000, 0x0b188000, 0x14e00000)
   the space 14560K,  51% used [0x0a350000, 0x0aaad000, 0x0aaad000, 0x0b188000)
 Metaspace       used 8866K, capacity 9041K, committed 9216K, reserved 9600K
}

