# JRE version: Java(TM) SE Runtime Environment (8.0_141-b15) (build 1.8.0_141-b15)
# Java VM: Java HotSpot(TM) Client VM (25.141-b15 mixed mode, sharing windows-x86 )
Heap:
 def new generation   total 4928K, used 3334K [0x04400000, 0x04950000, 0x09950000)
  eden space 4416K,  65% used [0x04400000, 0x046d31e0, 0x04850000)
  from space 512K,  86% used [0x048d0000, 0x0493e6b0, 0x04950000)
  to   space 512K,   0% used [0x04850000, 0x04850000, 0x048d0000)
 tenured generation   total 10944K, used 5331K [0x09950000, 0x0a400000, 0x14400000)
   the space 10944K,  48% used [0x09950000, 0x09e84c68, 0x09e84e00, 0x0a400000)
 Metaspace       used 1890K, capacity 3322K, committed 3392K, reserved 4480K
GC Heap History (10 events):
Event: 0.195 GC heap before
{Heap before GC invocations=0 (full 0):
 def new generation   total 4928K, used 4416K [0x04400000, 0x04950000, 0x09950000)
  eden space 4416K, 100% used [0x04400000, 0x04850000, 0x04850000)
  from space 512K,   0% used [0x04850000, 0x04850000, 0x048d0000)
  to   space 512K,   0% used [0x048d0000, 0x048d0000, 0x04950000)
 tenured generation   total 10944K, used 0K [0x09950000, 0x0a400000, 0x14400000)
   the space 10944K,   0% used [0x09950000, 0x09950000, 0x09950200, 0x0a400000)
 Metaspace       used 582K, capacity 2493K, committed 2496K, reserved 4480K
Event: 0.198 GC heap after
Heap after GC invocations=1 (full 0):
 def new generation   total 4928K, used 512K [0x04400000, 0x04950000, 0x09950000)
  eden space 4416K,   0% used [0x04400000, 0x04400000, 0x04850000)
  from space 512K, 100% used [0x048d0000, 0x04950000, 0x04950000)
  to   space 512K,   0% used [0x04850000, 0x04850000, 0x048d0000)
 tenured generation   total 10944K, used 787K [0x09950000, 0x0a400000, 0x14400000)
   the space 10944K,   7% used [0x09950000, 0x09a14ea8, 0x09a15000, 0x0a400000)
 Metaspace       used 582K, capacity 2493K, committed 2496K, reserved 4480K
}
Event: 0.318 GC heap before
{Heap before GC invocations=1 (full 0):
 def new generation   total 4928K, used 3108K [0x04400000, 0x04950000, 0x09950000)
  eden space 4416K,  58% used [0x04400000, 0x046890d0, 0x04850000)
  from space 512K, 100% used [0x048d0000, 0x04950000, 0x04950000)
  to   space 512K,   0% used [0x04850000, 0x04850000, 0x048d0000)
 tenured generation   total 10944K, used 787K [0x09950000, 0x0a400000, 0x14400000)
   the space 10944K,   7% used [0x09950000, 0x09a14ea8, 0x09a15000, 0x0a400000)
 Metaspace       used 864K, capacity 2517K, committed 2624K, reserved 4480K
Event: 0.321 GC heap after
Heap after GC invocations=2 (full 0):
 def new generation   total 4928K, used 512K [0x04400000, 0x04950000, 0x09950000)
  eden space 4416K,   0% used [0x04400000, 0x04400000, 0x04850000)
  from space 512K, 100% used [0x04850000, 0x048d0000, 0x048d0000)
  to   space 512K,   0% used [0x048d0000, 0x048d0000, 0x04950000)
 tenured generation   total 10944K, used 1907K [0x09950000, 0x0a400000, 0x14400000)
   the space 10944K,  17% used [0x09950000, 0x09b2cc68, 0x09b2ce00, 0x0a400000)
 Metaspace       used 864K, capacity 2517K, committed 2624K, reserved 4480K
}
Event: 8.081 GC heap before
{Heap before GC invocations=2 (full 0):
 def new generation   total 4928K, used 4928K [0x04400000, 0x04950000, 0x09950000)
  eden space 4416K, 100% used [0x04400000, 0x04850000, 0x04850000)
  from space 512K, 100% used [0x04850000, 0x048d0000, 0x048d0000)
  to   space 512K,   0% used [0x048d0000, 0x048d0000, 0x04950000)
 tenured generation   total 10944K, used 1907K [0x09950000, 0x0a400000, 0x14400000)
   the space 10944K,  17% used [0x09950000, 0x09b2cc68, 0x09b2ce00, 0x0a400000)
 Metaspace       used 1174K, capacity 2645K, committed 2752K, reserved 4480K
Event: 8.084 GC heap after
Heap after GC invocations=3 (full 0):
 def new generation   total 4928K, used 266K [0x04400000, 0x04950000, 0x09950000)
  eden space 4416K,   0% used [0x04400000, 0x04400000, 0x04850000)
  from space 512K,  52% used [0x048d0000, 0x04912ab0, 0x04950000)
  to   space 512K,   0% used [0x04850000, 0x04850000, 0x048d0000)
 tenured generation   total 10944K, used 4997K [0x09950000, 0x0a400000, 0x14400000)
   the space 10944K,  45% used [0x09950000, 0x09e314b0, 0x09e31600, 0x0a400000)
 Metaspace       used 1174K, capacity 2645K, committed 2752K, reserved 4480K
}
Event: 8.589 GC heap before
{Heap before GC invocations=3 (full 0):
 def new generation   total 4928K, used 4678K [0x04400000, 0x04950000, 0x09950000)
  eden space 4416K,  99% used [0x04400000, 0x0484ed70, 0x04850000)
  from space 512K,  52% used [0x048d0000, 0x04912ab0, 0x04950000)
  to   space 512K,   0% used [0x04850000, 0x04850000, 0x048d0000)
 tenured generation   total 10944K, used 4997K [0x09950000, 0x0a400000, 0x14400000)
   the space 10944K,  45% used [0x09950000, 0x09e314b0, 0x09e31600, 0x0a400000)
 Metaspace       used 1656K, capacity 3125K, committed 3136K, reserved 4480K
Event: 8.590 GC heap after
Heap after GC invocations=4 (full 0):
 def new generation   total 4928K, used 512K [0x04400000, 0x04950000, 0x09950000)
  eden space 4416K,   0% used [0x04400000, 0x04400000, 0x04850000)
  from space 512K, 100% used [0x04850000, 0x048d0000, 0x048d0000)
  to   space 512K,   0% used [0x048d0000, 0x048d0000, 0x04950000)
 tenured generation   total 10944K, used 5196K [0x09950000, 0x0a400000, 0x14400000)
   the space 10944K,  47% used [0x09950000, 0x09e63040, 0x09e63200, 0x0a400000)
 Metaspace       used 1656K, capacity 3125K, committed 3136K, reserved 4480K
}
Event: 9.522 GC heap before
{Heap before GC invocations=4 (full 0):
 def new generation   total 4928K, used 4151K [0x04400000, 0x04950000, 0x09950000)
  eden space 4416K,  82% used [0x04400000, 0x0478dd18, 0x04850000)
  from space 512K, 100% used [0x04850000, 0x048d0000, 0x048d0000)
  to   space 512K,   0% used [0x048d0000, 0x048d0000, 0x04950000)
 tenured generation   total 10944K, used 5196K [0x09950000, 0x0a400000, 0x14400000)
   the space 10944K,  47% used [0x09950000, 0x09e63040, 0x09e63200, 0x0a400000)
 Metaspace       used 1877K, capacity 3320K, committed 3392K, reserved 4480K
Event: 9.526 GC heap after
Heap after GC invocations=5 (full 0):
 def new generation   total 4928K, used 441K [0x04400000, 0x04950000, 0x09950000)
  eden space 4416K,   0% used [0x04400000, 0x04400000, 0x04850000)
  from space 512K,  86% used [0x048d0000, 0x0493e6b0, 0x04950000)
  to   space 512K,   0% used [0x04850000, 0x04850000, 0x048d0000)
 tenured generation   total 10944K, used 5331K [0x09950000, 0x0a400000, 0x14400000)
   the space 10944K,  48% used [0x09950000, 0x09e84c68, 0x09e84e00, 0x0a400000)
 Metaspace       used 1877K, capacity 3320K, committed 3392K, reserved 4480K
}

