# JRE version: Java(TM) SE Runtime Environment (8.0_141-b15) (build 1.8.0_141-b15)
# Java VM: Java HotSpot(TM) Client VM (25.141-b15 mixed mode windows-x86 )
Heap:
 def new generation   total 4928K, used 1134K [0x05000000, 0x05550000, 0x0a550000)
  eden space 4416K,  14% used [0x05000000, 0x0509b910, 0x05450000)
  from space 512K,  99% used [0x05450000, 0x054cfff8, 0x054d0000)
  to   space 512K,   0% used [0x054d0000, 0x054d0000, 0x05550000)
 tenured generation   total 10944K, used 5186K [0x0a550000, 0x0b000000, 0x15000000)
   the space 10944K,  47% used [0x0a550000, 0x0aa609b8, 0x0aa60a00, 0x0b000000)
 Metaspace       used 8464K, capacity 8671K, committed 8832K, reserved 9600K
GC Heap History (8 events):
Event: 0.215 GC heap before
{Heap before GC invocations=0 (full 0):
 def new generation   total 4928K, used 4416K [0x05000000, 0x05550000, 0x0a550000)
  eden space 4416K, 100% used [0x05000000, 0x05450000, 0x05450000)
  from space 512K,   0% used [0x05450000, 0x05450000, 0x054d0000)
  to   space 512K,   0% used [0x054d0000, 0x054d0000, 0x05550000)
 tenured generation   total 10944K, used 0K [0x0a550000, 0x0b000000, 0x15000000)
   the space 10944K,   0% used [0x0a550000, 0x0a550000, 0x0a550200, 0x0b000000)
 Metaspace       used 5297K, capacity 5479K, committed 5504K, reserved 5504K
Event: 0.218 GC heap after
Heap after GC invocations=1 (full 0):
 def new generation   total 4928K, used 512K [0x05000000, 0x05550000, 0x0a550000)
  eden space 4416K,   0% used [0x05000000, 0x05000000, 0x05450000)
  from space 512K, 100% used [0x054d0000, 0x05550000, 0x05550000)
  to   space 512K,   0% used [0x05450000, 0x05450000, 0x054d0000)
 tenured generation   total 10944K, used 787K [0x0a550000, 0x0b000000, 0x15000000)
   the space 10944K,   7% used [0x0a550000, 0x0a614f48, 0x0a615000, 0x0b000000)
 Metaspace       used 5297K, capacity 5479K, committed 5504K, reserved 5504K
}
Event: 0.363 GC heap before
{Heap before GC invocations=1 (full 0):
 def new generation   total 4928K, used 3021K [0x05000000, 0x05550000, 0x0a550000)
  eden space 4416K,  56% used [0x05000000, 0x052734e8, 0x05450000)
  from space 512K, 100% used [0x054d0000, 0x05550000, 0x05550000)
  to   space 512K,   0% used [0x05450000, 0x05450000, 0x054d0000)
 tenured generation   total 10944K, used 787K [0x0a550000, 0x0b000000, 0x15000000)
   the space 10944K,   7% used [0x0a550000, 0x0a614f48, 0x0a615000, 0x0b000000)
 Metaspace       used 7448K, capacity 7647K, committed 7808K, reserved 8576K
Event: 0.367 GC heap after
Heap after GC invocations=2 (full 0):
 def new generation   total 4928K, used 512K [0x05000000, 0x05550000, 0x0a550000)
  eden space 4416K,   0% used [0x05000000, 0x05000000, 0x05450000)
  from space 512K, 100% used [0x05450000, 0x054d0000, 0x054d0000)
  to   space 512K,   0% used [0x054d0000, 0x054d0000, 0x05550000)
 tenured generation   total 10944K, used 1904K [0x0a550000, 0x0b000000, 0x15000000)
   the space 10944K,  17% used [0x0a550000, 0x0a72c270, 0x0a72c400, 0x0b000000)
 Metaspace       used 7448K, capacity 7647K, committed 7808K, reserved 8576K
}
Event: 6.217 GC heap before
{Heap before GC invocations=2 (full 0):
 def new generation   total 4928K, used 4928K [0x05000000, 0x05550000, 0x0a550000)
  eden space 4416K, 100% used [0x05000000, 0x05450000, 0x05450000)
  from space 512K, 100% used [0x05450000, 0x054d0000, 0x054d0000)
  to   space 512K,   0% used [0x054d0000, 0x054d0000, 0x05550000)
 tenured generation   total 10944K, used 1904K [0x0a550000, 0x0b000000, 0x15000000)
   the space 10944K,  17% used [0x0a550000, 0x0a72c270, 0x0a72c400, 0x0b000000)
 Metaspace       used 7949K, capacity 8127K, committed 8192K, reserved 8576K
Event: 6.220 GC heap after
Heap after GC invocations=3 (full 0):
 def new generation   total 4928K, used 315K [0x05000000, 0x05550000, 0x0a550000)
  eden space 4416K,   0% used [0x05000000, 0x05000000, 0x05450000)
  from space 512K,  61% used [0x054d0000, 0x0551ece8, 0x05550000)
  to   space 512K,   0% used [0x05450000, 0x05450000, 0x054d0000)
 tenured generation   total 10944K, used 4994K [0x0a550000, 0x0b000000, 0x15000000)
   the space 10944K,  45% used [0x0a550000, 0x0aa30ab8, 0x0aa30c00, 0x0b000000)
 Metaspace       used 7949K, capacity 8127K, committed 8192K, reserved 8576K
}
Event: 6.665 GC heap before
{Heap before GC invocations=3 (full 0):
 def new generation   total 4928K, used 4731K [0x05000000, 0x05550000, 0x0a550000)
  eden space 4416K,  99% used [0x05000000, 0x0544ffe0, 0x05450000)
  from space 512K,  61% used [0x054d0000, 0x0551ece8, 0x05550000)
  to   space 512K,   0% used [0x05450000, 0x05450000, 0x054d0000)
 tenured generation   total 10944K, used 4994K [0x0a550000, 0x0b000000, 0x15000000)
   the space 10944K,  45% used [0x0a550000, 0x0aa30ab8, 0x0aa30c00, 0x0b000000)
 Metaspace       used 8456K, capacity 8639K, committed 8704K, reserved 9600K
Event: 6.667 GC heap after
Heap after GC invocations=4 (full 0):
 def new generation   total 4928K, used 511K [0x05000000, 0x05550000, 0x0a550000)
  eden space 4416K,   0% used [0x05000000, 0x05000000, 0x05450000)
  from space 512K,  99% used [0x05450000, 0x054cfff8, 0x054d0000)
  to   space 512K,   0% used [0x054d0000, 0x054d0000, 0x05550000)
 tenured generation   total 10944K, used 5186K [0x0a550000, 0x0b000000, 0x15000000)
   the space 10944K,  47% used [0x0a550000, 0x0aa609b8, 0x0aa60a00, 0x0b000000)
 Metaspace       used 8456K, capacity 8639K, committed 8704K, reserved 9600K
}

