# JRE version: Java(TM) SE Runtime Environment (8.0_141-b15) (build 1.8.0_141-b15)
# Java VM: Java HotSpot(TM) Client VM (25.141-b15 mixed mode windows-x86 )
Heap:
 def new generation   total 4928K, used 3951K [0x04e00000, 0x05350000, 0x0a350000)
  eden space 4416K,  77% used [0x04e00000, 0x0515bfc8, 0x05250000)
  from space 512K, 100% used [0x05250000, 0x052d0000, 0x052d0000)
  to   space 512K,   0% used [0x052d0000, 0x052d0000, 0x05350000)
 tenured generation   total 10944K, used 5218K [0x0a350000, 0x0ae00000, 0x14e00000)
   the space 10944K,  47% used [0x0a350000, 0x0a8688f8, 0x0a868a00, 0x0ae00000)
 Metaspace       used 8679K, capacity 8866K, committed 8960K, reserved 9600K
GC Heap History (8 events):
Event: 0.230 GC heap before
{Heap before GC invocations=0 (full 0):
 def new generation   total 4928K, used 4416K [0x04e00000, 0x05350000, 0x0a350000)
  eden space 4416K, 100% used [0x04e00000, 0x05250000, 0x05250000)
  from space 512K,   0% used [0x05250000, 0x05250000, 0x052d0000)
  to   space 512K,   0% used [0x052d0000, 0x052d0000, 0x05350000)
 tenured generation   total 10944K, used 0K [0x0a350000, 0x0ae00000, 0x14e00000)
   the space 10944K,   0% used [0x0a350000, 0x0a350000, 0x0a350200, 0x0ae00000)
 Metaspace       used 5297K, capacity 5479K, committed 5504K, reserved 5504K
Event: 0.233 GC heap after
Heap after GC invocations=1 (full 0):
 def new generation   total 4928K, used 512K [0x04e00000, 0x05350000, 0x0a350000)
  eden space 4416K,   0% used [0x04e00000, 0x04e00000, 0x05250000)
  from space 512K, 100% used [0x052d0000, 0x05350000, 0x05350000)
  to   space 512K,   0% used [0x05250000, 0x05250000, 0x052d0000)
 tenured generation   total 10944K, used 787K [0x0a350000, 0x0ae00000, 0x14e00000)
   the space 10944K,   7% used [0x0a350000, 0x0a414eb0, 0x0a415000, 0x0ae00000)
 Metaspace       used 5297K, capacity 5479K, committed 5504K, reserved 5504K
}
Event: 0.381 GC heap before
{Heap before GC invocations=1 (full 0):
 def new generation   total 4928K, used 3021K [0x04e00000, 0x05350000, 0x0a350000)
  eden space 4416K,  56% used [0x04e00000, 0x05073550, 0x05250000)
  from space 512K, 100% used [0x052d0000, 0x05350000, 0x05350000)
  to   space 512K,   0% used [0x05250000, 0x05250000, 0x052d0000)
 tenured generation   total 10944K, used 787K [0x0a350000, 0x0ae00000, 0x14e00000)
   the space 10944K,   7% used [0x0a350000, 0x0a414eb0, 0x0a415000, 0x0ae00000)
 Metaspace       used 7448K, capacity 7647K, committed 7808K, reserved 8576K
Event: 0.385 GC heap after
Heap after GC invocations=2 (full 0):
 def new generation   total 4928K, used 512K [0x04e00000, 0x05350000, 0x0a350000)
  eden space 4416K,   0% used [0x04e00000, 0x04e00000, 0x05250000)
  from space 512K, 100% used [0x05250000, 0x052d0000, 0x052d0000)
  to   space 512K,   0% used [0x052d0000, 0x052d0000, 0x05350000)
 tenured generation   total 10944K, used 1904K [0x0a350000, 0x0ae00000, 0x14e00000)
   the space 10944K,  17% used [0x0a350000, 0x0a52c288, 0x0a52c400, 0x0ae00000)
 Metaspace       used 7448K, capacity 7647K, committed 7808K, reserved 8576K
}
Event: 8.022 GC heap before
{Heap before GC invocations=2 (full 0):
 def new generation   total 4928K, used 4928K [0x04e00000, 0x05350000, 0x0a350000)
  eden space 4416K, 100% used [0x04e00000, 0x05250000, 0x05250000)
  from space 512K, 100% used [0x05250000, 0x052d0000, 0x052d0000)
  to   space 512K,   0% used [0x052d0000, 0x052d0000, 0x05350000)
 tenured generation   total 10944K, used 1904K [0x0a350000, 0x0ae00000, 0x14e00000)
   the space 10944K,  17% used [0x0a350000, 0x0a52c288, 0x0a52c400, 0x0ae00000)
 Metaspace       used 7948K, capacity 8127K, committed 8192K, reserved 8576K
Event: 8.026 GC heap after
Heap after GC invocations=3 (full 0):
 def new generation   total 4928K, used 290K [0x04e00000, 0x05350000, 0x0a350000)
  eden space 4416K,   0% used [0x04e00000, 0x04e00000, 0x05250000)
  from space 512K,  56% used [0x052d0000, 0x053189a8, 0x05350000)
  to   space 512K,   0% used [0x05250000, 0x05250000, 0x052d0000)
 tenured generation   total 10944K, used 4994K [0x0a350000, 0x0ae00000, 0x14e00000)
   the space 10944K,  45% used [0x0a350000, 0x0a830ad0, 0x0a830c00, 0x0ae00000)
 Metaspace       used 7948K, capacity 8127K, committed 8192K, reserved 8576K
}
Event: 8.510 GC heap before
{Heap before GC invocations=3 (full 0):
 def new generation   total 4928K, used 4695K [0x04e00000, 0x05350000, 0x0a350000)
  eden space 4416K,  99% used [0x04e00000, 0x0524d640, 0x05250000)
  from space 512K,  56% used [0x052d0000, 0x053189a8, 0x05350000)
  to   space 512K,   0% used [0x05250000, 0x05250000, 0x052d0000)
 tenured generation   total 10944K, used 4994K [0x0a350000, 0x0ae00000, 0x14e00000)
   the space 10944K,  45% used [0x0a350000, 0x0a830ad0, 0x0a830c00, 0x0ae00000)
 Metaspace       used 8465K, capacity 8671K, committed 8832K, reserved 9600K
Event: 8.511 GC heap after
Heap after GC invocations=4 (full 0):
 def new generation   total 4928K, used 512K [0x04e00000, 0x05350000, 0x0a350000)
  eden space 4416K,   0% used [0x04e00000, 0x04e00000, 0x05250000)
  from space 512K, 100% used [0x05250000, 0x052d0000, 0x052d0000)
  to   space 512K,   0% used [0x052d0000, 0x052d0000, 0x05350000)
 tenured generation   total 10944K, used 5218K [0x0a350000, 0x0ae00000, 0x14e00000)
   the space 10944K,  47% used [0x0a350000, 0x0a8688f8, 0x0a868a00, 0x0ae00000)
 Metaspace       used 8465K, capacity 8671K, committed 8832K, reserved 9600K
}

