# JRE version: Java(TM) SE Runtime Environment (8.0_141-b15) (build 1.8.0_141-b15)
# Java VM: Java HotSpot(TM) Client VM (25.141-b15 mixed mode windows-x86 )
Heap:
 def new generation   total 4928K, used 3832K [0x04c00000, 0x05150000, 0x0a150000)
  eden space 4416K,  75% used [0x04c00000, 0x04f3e090, 0x05050000)
  from space 512K, 100% used [0x05050000, 0x050d0000, 0x050d0000)
  to   space 512K,   0% used [0x050d0000, 0x050d0000, 0x05150000)
 tenured generation   total 10944K, used 5226K [0x0a150000, 0x0ac00000, 0x14c00000)
   the space 10944K,  47% used [0x0a150000, 0x0a66ab38, 0x0a66ac00, 0x0ac00000)
 Metaspace       used 8696K, capacity 8866K, committed 8960K, reserved 9600K
GC Heap History (8 events):
Event: 0.224 GC heap before
{Heap before GC invocations=0 (full 0):
 def new generation   total 4928K, used 4416K [0x04c00000, 0x05150000, 0x0a150000)
  eden space 4416K, 100% used [0x04c00000, 0x05050000, 0x05050000)
  from space 512K,   0% used [0x05050000, 0x05050000, 0x050d0000)
  to   space 512K,   0% used [0x050d0000, 0x050d0000, 0x05150000)
 tenured generation   total 10944K, used 0K [0x0a150000, 0x0ac00000, 0x14c00000)
   the space 10944K,   0% used [0x0a150000, 0x0a150000, 0x0a150200, 0x0ac00000)
 Metaspace       used 5297K, capacity 5479K, committed 5504K, reserved 5504K
Event: 0.228 GC heap after
Heap after GC invocations=1 (full 0):
 def new generation   total 4928K, used 512K [0x04c00000, 0x05150000, 0x0a150000)
  eden space 4416K,   0% used [0x04c00000, 0x04c00000, 0x05050000)
  from space 512K, 100% used [0x050d0000, 0x05150000, 0x05150000)
  to   space 512K,   0% used [0x05050000, 0x05050000, 0x050d0000)
 tenured generation   total 10944K, used 787K [0x0a150000, 0x0ac00000, 0x14c00000)
   the space 10944K,   7% used [0x0a150000, 0x0a214eb0, 0x0a215000, 0x0ac00000)
 Metaspace       used 5297K, capacity 5479K, committed 5504K, reserved 5504K
}
Event: 0.377 GC heap before
{Heap before GC invocations=1 (full 0):
 def new generation   total 4928K, used 3021K [0x04c00000, 0x05150000, 0x0a150000)
  eden space 4416K,  56% used [0x04c00000, 0x04e73570, 0x05050000)
  from space 512K, 100% used [0x050d0000, 0x05150000, 0x05150000)
  to   space 512K,   0% used [0x05050000, 0x05050000, 0x050d0000)
 tenured generation   total 10944K, used 787K [0x0a150000, 0x0ac00000, 0x14c00000)
   the space 10944K,   7% used [0x0a150000, 0x0a214eb0, 0x0a215000, 0x0ac00000)
 Metaspace       used 7446K, capacity 7615K, committed 7680K, reserved 8576K
Event: 0.381 GC heap after
Heap after GC invocations=2 (full 0):
 def new generation   total 4928K, used 512K [0x04c00000, 0x05150000, 0x0a150000)
  eden space 4416K,   0% used [0x04c00000, 0x04c00000, 0x05050000)
  from space 512K, 100% used [0x05050000, 0x050d0000, 0x050d0000)
  to   space 512K,   0% used [0x050d0000, 0x050d0000, 0x05150000)
 tenured generation   total 10944K, used 1903K [0x0a150000, 0x0ac00000, 0x14c00000)
   the space 10944K,  17% used [0x0a150000, 0x0a32bfd0, 0x0a32c000, 0x0ac00000)
 Metaspace       used 7446K, capacity 7615K, committed 7680K, reserved 8576K
}
Event: 20.308 GC heap before
{Heap before GC invocations=2 (full 0):
 def new generation   total 4928K, used 4928K [0x04c00000, 0x05150000, 0x0a150000)
  eden space 4416K, 100% used [0x04c00000, 0x05050000, 0x05050000)
  from space 512K, 100% used [0x05050000, 0x050d0000, 0x050d0000)
  to   space 512K,   0% used [0x050d0000, 0x050d0000, 0x05150000)
 tenured generation   total 10944K, used 1903K [0x0a150000, 0x0ac00000, 0x14c00000)
   the space 10944K,  17% used [0x0a150000, 0x0a32bfd0, 0x0a32c000, 0x0ac00000)
 Metaspace       used 7972K, capacity 8159K, committed 8320K, reserved 8576K
Event: 20.311 GC heap after
Heap after GC invocations=3 (full 0):
 def new generation   total 4928K, used 314K [0x04c00000, 0x05150000, 0x0a150000)
  eden space 4416K,   0% used [0x04c00000, 0x04c00000, 0x05050000)
  from space 512K,  61% used [0x050d0000, 0x0511e890, 0x05150000)
  to   space 512K,   0% used [0x05050000, 0x05050000, 0x050d0000)
 tenured generation   total 10944K, used 4993K [0x0a150000, 0x0ac00000, 0x14c00000)
   the space 10944K,  45% used [0x0a150000, 0x0a6307a0, 0x0a630800, 0x0ac00000)
 Metaspace       used 7972K, capacity 8159K, committed 8320K, reserved 8576K
}
Event: 20.767 GC heap before
{Heap before GC invocations=3 (full 0):
 def new generation   total 4928K, used 4730K [0x04c00000, 0x05150000, 0x0a150000)
  eden space 4416K, 100% used [0x04c00000, 0x05050000, 0x05050000)
  from space 512K,  61% used [0x050d0000, 0x0511e890, 0x05150000)
  to   space 512K,   0% used [0x05050000, 0x05050000, 0x050d0000)
 tenured generation   total 10944K, used 4993K [0x0a150000, 0x0ac00000, 0x14c00000)
   the space 10944K,  45% used [0x0a150000, 0x0a6307a0, 0x0a630800, 0x0ac00000)
 Metaspace       used 8500K, capacity 8671K, committed 8832K, reserved 9600K
Event: 20.768 GC heap after
Heap after GC invocations=4 (full 0):
 def new generation   total 4928K, used 512K [0x04c00000, 0x05150000, 0x0a150000)
  eden space 4416K,   0% used [0x04c00000, 0x04c00000, 0x05050000)
  from space 512K, 100% used [0x05050000, 0x050d0000, 0x050d0000)
  to   space 512K,   0% used [0x050d0000, 0x050d0000, 0x05150000)
 tenured generation   total 10944K, used 5226K [0x0a150000, 0x0ac00000, 0x14c00000)
   the space 10944K,  47% used [0x0a150000, 0x0a66ab38, 0x0a66ac00, 0x0ac00000)
 Metaspace       used 8500K, capacity 8671K, committed 8832K, reserved 9600K
}

