# JRE version: Java(TM) SE Runtime Environment (8.0_141-b15) (build 1.8.0_141-b15)
# Java VM: Java HotSpot(TM) Client VM (25.141-b15 mixed mode, sharing windows-x86 )
Heap:
 def new generation   total 4992K, used 968K [0x04400000, 0x04960000, 0x09950000)
  eden space 4480K,  21% used [0x04400000, 0x044ed9a0, 0x04860000)
  from space 512K,   3% used [0x04860000, 0x04864740, 0x048e0000)
  to   space 512K,   0% used [0x048e0000, 0x048e0000, 0x04960000)
 tenured generation   total 10944K, used 10452K [0x09950000, 0x0a400000, 0x14400000)
   the space 10944K,  95% used [0x09950000, 0x0a385120, 0x0a385200, 0x0a400000)
 Metaspace       used 1879K, capacity 3309K, committed 3392K, reserved 4480K
GC Heap History (10 events):
Event: 10.623 GC heap before
{Heap before GC invocations=23 (full 3):
 def new generation   total 4992K, used 3726K [0x04400000, 0x04960000, 0x09950000)
  eden space 4480K,  82% used [0x04400000, 0x0479f8a8, 0x04860000)
  from space 512K,   3% used [0x04860000, 0x048642f8, 0x048e0000)
  to   space 512K,   0% used [0x048e0000, 0x048e0000, 0x04960000)
 tenured generation   total 10944K, used 9037K [0x09950000, 0x0a400000, 0x14400000)
   the space 10944K,  82% used [0x09950000, 0x0a2236c8, 0x0a223800, 0x0a400000)
 Metaspace       used 1881K, capacity 3312K, committed 3392K, reserved 4480K
Event: 10.624 GC heap after
Heap after GC invocations=24 (full 3):
 def new generation   total 4992K, used 17K [0x04400000, 0x04960000, 0x09950000)
  eden space 4480K,   0% used [0x04400000, 0x04400000, 0x04860000)
  from space 512K,   3% used [0x048e0000, 0x048e4508, 0x04960000)
  to   space 512K,   0% used [0x04860000, 0x04860000, 0x048e0000)
 tenured generation   total 10944K, used 9937K [0x09950000, 0x0a400000, 0x14400000)
   the space 10944K,  90% used [0x09950000, 0x0a3046d8, 0x0a304800, 0x0a400000)
 Metaspace       used 1881K, capacity 3312K, committed 3392K, reserved 4480K
}
Event: 10.800 GC heap before
{Heap before GC invocations=24 (full 3):
 def new generation   total 4992K, used 3727K [0x04400000, 0x04960000, 0x09950000)
  eden space 4480K,  82% used [0x04400000, 0x0479f950, 0x04860000)
  from space 512K,   3% used [0x048e0000, 0x048e4508, 0x04960000)
  to   space 512K,   0% used [0x04860000, 0x04860000, 0x048e0000)
 tenured generation   total 10944K, used 9937K [0x09950000, 0x0a400000, 0x14400000)
   the space 10944K,  90% used [0x09950000, 0x0a3046d8, 0x0a304800, 0x0a400000)
 Metaspace       used 1881K, capacity 3312K, committed 3392K, reserved 4480K
Event: 10.800 GC heap after
Heap after GC invocations=25 (full 3):
 def new generation   total 4992K, used 17K [0x04400000, 0x04960000, 0x09950000)
  eden space 4480K,   0% used [0x04400000, 0x04400000, 0x04860000)
  from space 512K,   3% used [0x04860000, 0x04864458, 0x048e0000)
  to   space 512K,   0% used [0x048e0000, 0x048e0000, 0x04960000)
 tenured generation   total 10944K, used 10837K [0x09950000, 0x0a400000, 0x14400000)
   the space 10944K,  99% used [0x09950000, 0x0a3e56e8, 0x0a3e5800, 0x0a400000)
 Metaspace       used 1881K, capacity 3312K, committed 3392K, reserved 4480K
}
Event: 10.970 GC heap before
{Heap before GC invocations=25 (full 3):
 def new generation   total 4992K, used 3747K [0x04400000, 0x04960000, 0x09950000)
  eden space 4480K,  83% used [0x04400000, 0x047a4950, 0x04860000)
  from space 512K,   3% used [0x04860000, 0x04864458, 0x048e0000)
  to   space 512K,   0% used [0x048e0000, 0x048e0000, 0x04960000)
 tenured generation   total 10944K, used 10837K [0x09950000, 0x0a400000, 0x14400000)
   the space 10944K,  99% used [0x09950000, 0x0a3e56e8, 0x0a3e5800, 0x0a400000)
 Metaspace       used 1881K, capacity 3312K, committed 3392K, reserved 4480K
Event: 10.978 GC heap after
Heap after GC invocations=26 (full 4):
 def new generation   total 4992K, used 0K [0x04400000, 0x04960000, 0x09950000)
  eden space 4480K,   0% used [0x04400000, 0x04400000, 0x04860000)
  from space 512K,   0% used [0x048e0000, 0x048e0000, 0x04960000)
  to   space 512K,   0% used [0x04860000, 0x04860000, 0x048e0000)
 tenured generation   total 10944K, used 5952K [0x09950000, 0x0a400000, 0x14400000)
   the space 10944K,  54% used [0x09950000, 0x09f200d0, 0x09f20200, 0x0a400000)
 Metaspace       used 1879K, capacity 3309K, committed 3392K, reserved 4480K
}
Event: 11.157 GC heap before
{Heap before GC invocations=26 (full 4):
 def new generation   total 4992K, used 3710K [0x04400000, 0x04960000, 0x09950000)
  eden space 4480K,  82% used [0x04400000, 0x0479f980, 0x04860000)
  from space 512K,   0% used [0x048e0000, 0x048e0000, 0x04960000)
  to   space 512K,   0% used [0x04860000, 0x04860000, 0x048e0000)
 tenured generation   total 10944K, used 5952K [0x09950000, 0x0a400000, 0x14400000)
   the space 10944K,  54% used [0x09950000, 0x09f200d0, 0x09f20200, 0x0a400000)
 Metaspace       used 1879K, capacity 3309K, committed 3392K, reserved 4480K
Event: 11.158 GC heap after
Heap after GC invocations=27 (full 4):
 def new generation   total 4992K, used 4K [0x04400000, 0x04960000, 0x09950000)
  eden space 4480K,   0% used [0x04400000, 0x04400000, 0x04860000)
  from space 512K,   0% used [0x04860000, 0x048613b8, 0x048e0000)
  to   space 512K,   0% used [0x048e0000, 0x048e0000, 0x04960000)
 tenured generation   total 10944K, used 8652K [0x09950000, 0x0a400000, 0x14400000)
   the space 10944K,  79% used [0x09950000, 0x0a1c3100, 0x0a1c3200, 0x0a400000)
 Metaspace       used 1879K, capacity 3309K, committed 3392K, reserved 4480K
}
Event: 11.322 GC heap before
{Heap before GC invocations=27 (full 4):
 def new generation   total 4992K, used 3715K [0x04400000, 0x04960000, 0x09950000)
  eden space 4480K,  82% used [0x04400000, 0x0479f9e8, 0x04860000)
  from space 512K,   0% used [0x04860000, 0x048613b8, 0x048e0000)
  to   space 512K,   0% used [0x048e0000, 0x048e0000, 0x04960000)
 tenured generation   total 10944K, used 8652K [0x09950000, 0x0a400000, 0x14400000)
   the space 10944K,  79% used [0x09950000, 0x0a1c3100, 0x0a1c3200, 0x0a400000)
 Metaspace       used 1879K, capacity 3309K, committed 3392K, reserved 4480K
Event: 11.323 GC heap after
Heap after GC invocations=28 (full 4):
 def new generation   total 4992K, used 5K [0x04400000, 0x04960000, 0x09950000)
  eden space 4480K,   0% used [0x04400000, 0x04400000, 0x04860000)
  from space 512K,   0% used [0x048e0000, 0x048e1460, 0x04960000)
  to   space 512K,   0% used [0x04860000, 0x04860000, 0x048e0000)
 tenured generation   total 10944K, used 9552K [0x09950000, 0x0a400000, 0x14400000)
   the space 10944K,  87% used [0x09950000, 0x0a2a4110, 0x0a2a4200, 0x0a400000)
 Metaspace       used 1879K, capacity 3309K, committed 3392K, reserved 4480K
}

