# JRE version: Java(TM) SE Runtime Environment (8.0_141-b15) (build 1.8.0_141-b15)
# Java VM: Java HotSpot(TM) Client VM (25.141-b15 mixed mode, sharing windows-x86 )
Heap:
 def new generation   total 4928K, used 3663K [0x04600000, 0x04b50000, 0x09b50000)
  eden space 4416K,  71% used [0x04600000, 0x04913f58, 0x04a50000)
  from space 512K, 100% used [0x04a50000, 0x04ad0000, 0x04ad0000)
  to   space 512K,   0% used [0x04ad0000, 0x04ad0000, 0x04b50000)
 tenured generation   total 10944K, used 5240K [0x09b50000, 0x0a600000, 0x14600000)
   the space 10944K,  47% used [0x09b50000, 0x0a06e320, 0x0a06e400, 0x0a600000)
 Metaspace       used 1875K, capacity 3320K, committed 3392K, reserved 4480K
GC Heap History (8 events):
Event: 0.187 GC heap before
{Heap before GC invocations=0 (full 0):
 def new generation   total 4928K, used 4416K [0x04600000, 0x04b50000, 0x09b50000)
  eden space 4416K, 100% used [0x04600000, 0x04a50000, 0x04a50000)
  from space 512K,   0% used [0x04a50000, 0x04a50000, 0x04ad0000)
  to   space 512K,   0% used [0x04ad0000, 0x04ad0000, 0x04b50000)
 tenured generation   total 10944K, used 0K [0x09b50000, 0x0a600000, 0x14600000)
   the space 10944K,   0% used [0x09b50000, 0x09b50000, 0x09b50200, 0x0a600000)
 Metaspace       used 582K, capacity 2493K, committed 2496K, reserved 4480K
Event: 0.190 GC heap after
Heap after GC invocations=1 (full 0):
 def new generation   total 4928K, used 512K [0x04600000, 0x04b50000, 0x09b50000)
  eden space 4416K,   0% used [0x04600000, 0x04600000, 0x04a50000)
  from space 512K, 100% used [0x04ad0000, 0x04b50000, 0x04b50000)
  to   space 512K,   0% used [0x04a50000, 0x04a50000, 0x04ad0000)
 tenured generation   total 10944K, used 781K [0x09b50000, 0x0a600000, 0x14600000)
   the space 10944K,   7% used [0x09b50000, 0x09c13780, 0x09c13800, 0x0a600000)
 Metaspace       used 582K, capacity 2493K, committed 2496K, reserved 4480K
}
Event: 0.313 GC heap before
{Heap before GC invocations=1 (full 0):
 def new generation   total 4928K, used 3005K [0x04600000, 0x04b50000, 0x09b50000)
  eden space 4416K,  56% used [0x04600000, 0x0486f4b8, 0x04a50000)
  from space 512K, 100% used [0x04ad0000, 0x04b50000, 0x04b50000)
  to   space 512K,   0% used [0x04a50000, 0x04a50000, 0x04ad0000)
 tenured generation   total 10944K, used 781K [0x09b50000, 0x0a600000, 0x14600000)
   the space 10944K,   7% used [0x09b50000, 0x09c13780, 0x09c13800, 0x0a600000)
 Metaspace       used 864K, capacity 2517K, committed 2624K, reserved 4480K
Event: 0.316 GC heap after
Heap after GC invocations=2 (full 0):
 def new generation   total 4928K, used 512K [0x04600000, 0x04b50000, 0x09b50000)
  eden space 4416K,   0% used [0x04600000, 0x04600000, 0x04a50000)
  from space 512K, 100% used [0x04a50000, 0x04ad0000, 0x04ad0000)
  to   space 512K,   0% used [0x04ad0000, 0x04ad0000, 0x04b50000)
 tenured generation   total 10944K, used 1900K [0x09b50000, 0x0a600000, 0x14600000)
   the space 10944K,  17% used [0x09b50000, 0x09d2b140, 0x09d2b200, 0x0a600000)
 Metaspace       used 864K, capacity 2517K, committed 2624K, reserved 4480K
}
Event: 6.431 GC heap before
{Heap before GC invocations=2 (full 0):
 def new generation   total 4928K, used 4916K [0x04600000, 0x04b50000, 0x09b50000)
  eden space 4416K,  99% used [0x04600000, 0x04a4d398, 0x04a50000)
  from space 512K, 100% used [0x04a50000, 0x04ad0000, 0x04ad0000)
  to   space 512K,   0% used [0x04ad0000, 0x04ad0000, 0x04b50000)
 tenured generation   total 10944K, used 1900K [0x09b50000, 0x0a600000, 0x14600000)
   the space 10944K,  17% used [0x09b50000, 0x09d2b140, 0x09d2b200, 0x0a600000)
 Metaspace       used 1175K, capacity 2645K, committed 2752K, reserved 4480K
Event: 6.435 GC heap after
Heap after GC invocations=3 (full 0):
 def new generation   total 4928K, used 268K [0x04600000, 0x04b50000, 0x09b50000)
  eden space 4416K,   0% used [0x04600000, 0x04600000, 0x04a50000)
  from space 512K,  52% used [0x04ad0000, 0x04b131f0, 0x04b50000)
  to   space 512K,   0% used [0x04a50000, 0x04a50000, 0x04ad0000)
 tenured generation   total 10944K, used 4990K [0x09b50000, 0x0a600000, 0x14600000)
   the space 10944K,  45% used [0x09b50000, 0x0a02f988, 0x0a02fa00, 0x0a600000)
 Metaspace       used 1175K, capacity 2645K, committed 2752K, reserved 4480K
}
Event: 6.964 GC heap before
{Heap before GC invocations=3 (full 0):
 def new generation   total 4928K, used 4684K [0x04600000, 0x04b50000, 0x09b50000)
  eden space 4416K, 100% used [0x04600000, 0x04a50000, 0x04a50000)
  from space 512K,  52% used [0x04ad0000, 0x04b131f0, 0x04b50000)
  to   space 512K,   0% used [0x04a50000, 0x04a50000, 0x04ad0000)
 tenured generation   total 10944K, used 4990K [0x09b50000, 0x0a600000, 0x14600000)
   the space 10944K,  45% used [0x09b50000, 0x0a02f988, 0x0a02fa00, 0x0a600000)
 Metaspace       used 1678K, capacity 3125K, committed 3136K, reserved 4480K
Event: 6.965 GC heap after
Heap after GC invocations=4 (full 0):
 def new generation   total 4928K, used 512K [0x04600000, 0x04b50000, 0x09b50000)
  eden space 4416K,   0% used [0x04600000, 0x04600000, 0x04a50000)
  from space 512K, 100% used [0x04a50000, 0x04ad0000, 0x04ad0000)
  to   space 512K,   0% used [0x04ad0000, 0x04ad0000, 0x04b50000)
 tenured generation   total 10944K, used 5240K [0x09b50000, 0x0a600000, 0x14600000)
   the space 10944K,  47% used [0x09b50000, 0x0a06e320, 0x0a06e400, 0x0a600000)
 Metaspace       used 1678K, capacity 3125K, committed 3136K, reserved 4480K
}

