# JRE version: Java(TM) SE Runtime Environment (8.0_141-b15) (build 1.8.0_141-b15)
# Java VM: Java HotSpot(TM) Client VM (25.141-b15 mixed mode, sharing windows-x86 )
Heap:
 def new generation   total 4928K, used 4059K [0x04600000, 0x04b50000, 0x09b50000)
  eden space 4416K,  80% used [0x04600000, 0x04976d00, 0x04a50000)
  from space 512K, 100% used [0x04a50000, 0x04ad0000, 0x04ad0000)
  to   space 512K,   0% used [0x04ad0000, 0x04ad0000, 0x04b50000)
 tenured generation   total 10944K, used 5219K [0x09b50000, 0x0a600000, 0x14600000)
   the space 10944K,  47% used [0x09b50000, 0x0a068f08, 0x0a069000, 0x0a600000)
 Metaspace       used 1877K, capacity 3322K, committed 3392K, reserved 4480K
GC Heap History (8 events):
Event: 0.334 GC heap before
{Heap before GC invocations=0 (full 0):
 def new generation   total 4928K, used 4416K [0x04600000, 0x04b50000, 0x09b50000)
  eden space 4416K, 100% used [0x04600000, 0x04a50000, 0x04a50000)
  from space 512K,   0% used [0x04a50000, 0x04a50000, 0x04ad0000)
  to   space 512K,   0% used [0x04ad0000, 0x04ad0000, 0x04b50000)
 tenured generation   total 10944K, used 0K [0x09b50000, 0x0a600000, 0x14600000)
   the space 10944K,   0% used [0x09b50000, 0x09b50000, 0x09b50200, 0x0a600000)
 Metaspace       used 582K, capacity 2495K, committed 2496K, reserved 4480K
Event: 0.338 GC heap after
Heap after GC invocations=1 (full 0):
 def new generation   total 4928K, used 512K [0x04600000, 0x04b50000, 0x09b50000)
  eden space 4416K,   0% used [0x04600000, 0x04600000, 0x04a50000)
  from space 512K, 100% used [0x04ad0000, 0x04b50000, 0x04b50000)
  to   space 512K,   0% used [0x04a50000, 0x04a50000, 0x04ad0000)
 tenured generation   total 10944K, used 787K [0x09b50000, 0x0a600000, 0x14600000)
   the space 10944K,   7% used [0x09b50000, 0x09c14ea8, 0x09c15000, 0x0a600000)
 Metaspace       used 582K, capacity 2495K, committed 2496K, reserved 4480K
}
Event: 0.491 GC heap before
{Heap before GC invocations=1 (full 0):
 def new generation   total 4928K, used 3071K [0x04600000, 0x04b50000, 0x09b50000)
  eden space 4416K,  57% used [0x04600000, 0x0487fca0, 0x04a50000)
  from space 512K, 100% used [0x04ad0000, 0x04b50000, 0x04b50000)
  to   space 512K,   0% used [0x04a50000, 0x04a50000, 0x04ad0000)
 tenured generation   total 10944K, used 787K [0x09b50000, 0x0a600000, 0x14600000)
   the space 10944K,   7% used [0x09b50000, 0x09c14ea8, 0x09c15000, 0x0a600000)
 Metaspace       used 864K, capacity 2519K, committed 2624K, reserved 4480K
Event: 0.494 GC heap after
Heap after GC invocations=2 (full 0):
 def new generation   total 4928K, used 512K [0x04600000, 0x04b50000, 0x09b50000)
  eden space 4416K,   0% used [0x04600000, 0x04600000, 0x04a50000)
  from space 512K, 100% used [0x04a50000, 0x04ad0000, 0x04ad0000)
  to   space 512K,   0% used [0x04ad0000, 0x04ad0000, 0x04b50000)
 tenured generation   total 10944K, used 1906K [0x09b50000, 0x0a600000, 0x14600000)
   the space 10944K,  17% used [0x09b50000, 0x09d2c958, 0x09d2ca00, 0x0a600000)
 Metaspace       used 864K, capacity 2519K, committed 2624K, reserved 4480K
}
Event: 7.623 GC heap before
{Heap before GC invocations=2 (full 0):
 def new generation   total 4928K, used 4928K [0x04600000, 0x04b50000, 0x09b50000)
  eden space 4416K, 100% used [0x04600000, 0x04a50000, 0x04a50000)
  from space 512K, 100% used [0x04a50000, 0x04ad0000, 0x04ad0000)
  to   space 512K,   0% used [0x04ad0000, 0x04ad0000, 0x04b50000)
 tenured generation   total 10944K, used 1906K [0x09b50000, 0x0a600000, 0x14600000)
   the space 10944K,  17% used [0x09b50000, 0x09d2c958, 0x09d2ca00, 0x0a600000)
 Metaspace       used 1192K, capacity 2679K, committed 2752K, reserved 4480K
Event: 7.626 GC heap after
Heap after GC invocations=3 (full 0):
 def new generation   total 4928K, used 294K [0x04600000, 0x04b50000, 0x09b50000)
  eden space 4416K,   0% used [0x04600000, 0x04600000, 0x04a50000)
  from space 512K,  57% used [0x04ad0000, 0x04b19a98, 0x04b50000)
  to   space 512K,   0% used [0x04a50000, 0x04a50000, 0x04ad0000)
 tenured generation   total 10944K, used 4996K [0x09b50000, 0x0a600000, 0x14600000)
   the space 10944K,  45% used [0x09b50000, 0x0a0311b8, 0x0a031200, 0x0a600000)
 Metaspace       used 1192K, capacity 2679K, committed 2752K, reserved 4480K
}
Event: 8.122 GC heap before
{Heap before GC invocations=3 (full 0):
 def new generation   total 4928K, used 4697K [0x04600000, 0x04b50000, 0x09b50000)
  eden space 4416K,  99% used [0x04600000, 0x04a4caa0, 0x04a50000)
  from space 512K,  57% used [0x04ad0000, 0x04b19a98, 0x04b50000)
  to   space 512K,   0% used [0x04a50000, 0x04a50000, 0x04ad0000)
 tenured generation   total 10944K, used 4996K [0x09b50000, 0x0a600000, 0x14600000)
   the space 10944K,  45% used [0x09b50000, 0x0a0311b8, 0x0a031200, 0x0a600000)
 Metaspace       used 1662K, capacity 3127K, committed 3136K, reserved 4480K
Event: 8.124 GC heap after
Heap after GC invocations=4 (full 0):
 def new generation   total 4928K, used 512K [0x04600000, 0x04b50000, 0x09b50000)
  eden space 4416K,   0% used [0x04600000, 0x04600000, 0x04a50000)
  from space 512K, 100% used [0x04a50000, 0x04ad0000, 0x04ad0000)
  to   space 512K,   0% used [0x04ad0000, 0x04ad0000, 0x04b50000)
 tenured generation   total 10944K, used 5219K [0x09b50000, 0x0a600000, 0x14600000)
   the space 10944K,  47% used [0x09b50000, 0x0a068f08, 0x0a069000, 0x0a600000)
 Metaspace       used 1662K, capacity 3127K, committed 3136K, reserved 4480K
}

