# JRE version: Java(TM) SE Runtime Environment (8.0_141-b15) (build 1.8.0_141-b15)
# Java VM: Java HotSpot(TM) Client VM (25.141-b15 mixed mode, sharing windows-x86 )
Heap:
 def new generation   total 5632K, used 2907K [0x04800000, 0x04e10000, 0x09d50000)
  eden space 5056K,  57% used [0x04800000, 0x04ad6fb8, 0x04cf0000)
  from space 576K,   0% used [0x04cf0000, 0x04cf0000, 0x04d80000)
  to   space 576K,   0% used [0x04d80000, 0x04d80000, 0x04e10000)
 tenured generation   total 12320K, used 7390K [0x09d50000, 0x0a958000, 0x14800000)
   the space 12320K,  59% used [0x09d50000, 0x0a487bd0, 0x0a487c00, 0x0a958000)
 Metaspace       used 1899K, capacity 3322K, committed 3392K, reserved 4480K
GC Heap History (10 events):
Event: 6.776 GC heap before
{Heap before GC invocations=3 (full 0):
 def new generation   total 4928K, used 4586K [0x04800000, 0x04d50000, 0x09d50000)
  eden space 4416K, 100% used [0x04800000, 0x04c50000, 0x04c50000)
  from space 512K,  33% used [0x04cd0000, 0x04cfab68, 0x04d50000)
  to   space 512K,   0% used [0x04c50000, 0x04c50000, 0x04cd0000)
 tenured generation   total 10944K, used 4997K [0x09d50000, 0x0a800000, 0x14800000)
   the space 10944K,  45% used [0x09d50000, 0x0a2314c0, 0x0a231600, 0x0a800000)
 Metaspace       used 1643K, capacity 3093K, committed 3136K, reserved 4480K
Event: 6.778 GC heap after
Heap after GC invocations=4 (full 0):
 def new generation   total 4928K, used 511K [0x04800000, 0x04d50000, 0x09d50000)
  eden space 4416K,   0% used [0x04800000, 0x04800000, 0x04c50000)
  from space 512K,  99% used [0x04c50000, 0x04ccfff8, 0x04cd0000)
  to   space 512K,   0% used [0x04cd0000, 0x04cd0000, 0x04d50000)
 tenured generation   total 10944K, used 5242K [0x09d50000, 0x0a800000, 0x14800000)
   the space 10944K,  47% used [0x09d50000, 0x0a26ea40, 0x0a26ec00, 0x0a800000)
 Metaspace       used 1643K, capacity 3093K, committed 3136K, reserved 4480K
}
Event: 7.750 GC heap before
{Heap before GC invocations=4 (full 0):
 def new generation   total 4928K, used 4733K [0x04800000, 0x04d50000, 0x09d50000)
  eden space 4416K,  95% used [0x04800000, 0x04c1f610, 0x04c50000)
  from space 512K,  99% used [0x04c50000, 0x04ccfff8, 0x04cd0000)
  to   space 512K,   0% used [0x04cd0000, 0x04cd0000, 0x04d50000)
 tenured generation   total 10944K, used 5242K [0x09d50000, 0x0a800000, 0x14800000)
   the space 10944K,  47% used [0x09d50000, 0x0a26ea40, 0x0a26ec00, 0x0a800000)
 Metaspace       used 1887K, capacity 3320K, committed 3392K, reserved 4480K
Event: 7.755 GC heap after
Heap after GC invocations=5 (full 0):
 def new generation   total 4928K, used 472K [0x04800000, 0x04d50000, 0x09d50000)
  eden space 4416K,   0% used [0x04800000, 0x04800000, 0x04c50000)
  from space 512K,  92% used [0x04cd0000, 0x04d46278, 0x04d50000)
  to   space 512K,   0% used [0x04c50000, 0x04c50000, 0x04cd0000)
 tenured generation   total 10944K, used 5482K [0x09d50000, 0x0a800000, 0x14800000)
   the space 10944K,  50% used [0x09d50000, 0x0a2aa980, 0x0a2aaa00, 0x0a800000)
 Metaspace       used 1887K, capacity 3320K, committed 3392K, reserved 4480K
}
Event: 7.923 GC heap before
{Heap before GC invocations=5 (full 0):
 def new generation   total 4928K, used 4274K [0x04800000, 0x04d50000, 0x09d50000)
  eden space 4416K,  86% used [0x04800000, 0x04bb6668, 0x04c50000)
  from space 512K,  92% used [0x04cd0000, 0x04d46278, 0x04d50000)
  to   space 512K,   0% used [0x04c50000, 0x04c50000, 0x04cd0000)
 tenured generation   total 10944K, used 6382K [0x09d50000, 0x0a800000, 0x14800000)
   the space 10944K,  58% used [0x09d50000, 0x0a38b990, 0x0a38ba00, 0x0a800000)
 Metaspace       used 1899K, capacity 3322K, committed 3392K, reserved 4480K
Event: 7.924 GC heap after
Heap after GC invocations=6 (full 0):
 def new generation   total 4928K, used 16K [0x04800000, 0x04d50000, 0x09d50000)
  eden space 4416K,   0% used [0x04800000, 0x04800000, 0x04c50000)
  from space 512K,   3% used [0x04c50000, 0x04c543e0, 0x04cd0000)
  to   space 512K,   0% used [0x04cd0000, 0x04cd0000, 0x04d50000)
 tenured generation   total 10944K, used 7375K [0x09d50000, 0x0a800000, 0x14800000)
   the space 10944K,  67% used [0x09d50000, 0x0a483f88, 0x0a484000, 0x0a800000)
 Metaspace       used 1899K, capacity 3322K, committed 3392K, reserved 4480K
}
Event: 8.052 GC heap before
{Heap before GC invocations=6 (full 0):
 def new generation   total 4928K, used 3724K [0x04800000, 0x04d50000, 0x09d50000)
  eden space 4416K,  83% used [0x04800000, 0x04b9efd8, 0x04c50000)
  from space 512K,   3% used [0x04c50000, 0x04c543e0, 0x04cd0000)
  to   space 512K,   0% used [0x04cd0000, 0x04cd0000, 0x04d50000)
 tenured generation   total 10944K, used 7375K [0x09d50000, 0x0a800000, 0x14800000)
   the space 10944K,  67% used [0x09d50000, 0x0a483f88, 0x0a484000, 0x0a800000)
 Metaspace       used 1899K, capacity 3322K, committed 3392K, reserved 4480K
Event: 8.054 GC heap after
Heap after GC invocations=7 (full 0):
 def new generation   total 4928K, used 29K [0x04800000, 0x04d50000, 0x09d50000)
  eden space 4416K,   0% used [0x04800000, 0x04800000, 0x04c50000)
  from space 512K,   5% used [0x04cd0000, 0x04cd7560, 0x04d50000)
  to   space 512K,   0% used [0x04c50000, 0x04c50000, 0x04cd0000)
 tenured generation   total 10944K, used 10075K [0x09d50000, 0x0a800000, 0x14800000)
   the space 10944K,  92% used [0x09d50000, 0x0a726fb8, 0x0a727000, 0x0a800000)
 Metaspace       used 1899K, capacity 3322K, committed 3392K, reserved 4480K
}
Event: 8.213 GC heap before
{Heap before GC invocations=7 (full 0):
 def new generation   total 4928K, used 3757K [0x04800000, 0x04d50000, 0x09d50000)
  eden space 4416K,  84% used [0x04800000, 0x04ba41e8, 0x04c50000)
  from space 512K,   5% used [0x04cd0000, 0x04cd7560, 0x04d50000)
  to   space 512K,   0% used [0x04c50000, 0x04c50000, 0x04cd0000)
 tenured generation   total 10944K, used 10075K [0x09d50000, 0x0a800000, 0x14800000)
   the space 10944K,  92% used [0x09d50000, 0x0a726fb8, 0x0a727000, 0x0a800000)
 Metaspace       used 1899K, capacity 3322K, committed 3392K, reserved 4480K
Event: 8.223 GC heap after
Heap after GC invocations=8 (full 1):
 def new generation   total 5632K, used 0K [0x04800000, 0x04e10000, 0x09d50000)
  eden space 5056K,   0% used [0x04800000, 0x04800000, 0x04cf0000)
  from space 576K,   0% used [0x04cf0000, 0x04cf0000, 0x04d80000)
  to   space 576K,   0% used [0x04d80000, 0x04d80000, 0x04e10000)
 tenured generation   total 12320K, used 7390K [0x09d50000, 0x0a958000, 0x14800000)
   the space 12320K,  59% used [0x09d50000, 0x0a487bd0, 0x0a487c00, 0x0a958000)
 Metaspace       used 1899K, capacity 3322K, committed 3392K, reserved 4480K
}

